{"timestamp":"2025-11-20T05:53:06.118160Z","level":"info","event":"DAG bundles loaded: dags-folder, example_dags","logger":"airflow.dag_processing.bundles.manager.DagBundlesManager","filename":"manager.py","lineno":179}
{"timestamp":"2025-11-20T05:53:06.119244Z","level":"info","event":"Filling up the DagBag from /opt/airflow/dags/file_sensor_example.py","logger":"airflow.models.dagbag.DagBag","filename":"dagbag.py","lineno":593}
{"timestamp":"2025-11-20T05:53:06.136188Z","level":"warning","event":"The `airflow.sensors.filesystem.FileSensor` attribute is deprecated. Please use `'airflow.providers.standard.sensors.filesystem.FileSensor'`.","category":"DeprecatedImportWarning","filename":"/opt/airflow/dags/file_sensor_example.py","lineno":3,"logger":"py.warnings"}
{"timestamp":"2025-11-20T05:53:06.136450Z","level":"warning","event":"The `airflow.operators.bash.BashOperator` attribute is deprecated. Please use `'airflow.providers.standard.operators.bash.BashOperator'`.","category":"DeprecatedImportWarning","filename":"/opt/airflow/dags/file_sensor_example.py","lineno":4,"logger":"py.warnings"}
{"timestamp":"2025-11-20T05:53:06.154631Z","level":"info","event":"Task instance is in running state","logger":"task.stdout"}
{"timestamp":"2025-11-20T05:53:06.155200Z","level":"info","event":" Previous state of the Task instance: TaskInstanceState.QUEUED","logger":"task.stdout"}
{"timestamp":"2025-11-20T05:53:06.155572Z","level":"info","event":"Current task name:wait_for_file","logger":"task.stdout"}
{"timestamp":"2025-11-20T05:53:06.155903Z","level":"info","event":"Dag name:file_sensor_example","logger":"task.stdout"}
{"timestamp":"2025-11-20T05:53:06.164869Z","level":"info","event":"Poking for file /opt/airflow/dags/sample.txt","logger":"airflow.task.operators.airflow.providers.standard.sensors.filesystem.FileSensor","filename":"filesystem.py","lineno":125}
{"timestamp":"2025-11-20T05:53:06.165637Z","level":"info","event":"Rescheduling task, marking task as UP_FOR_RESCHEDULE","logger":"task","filename":"task_runner.py","lineno":961}
{"timestamp":"2025-11-20T05:53:16.904053Z","level":"info","event":"DAG bundles loaded: dags-folder, example_dags","logger":"airflow.dag_processing.bundles.manager.DagBundlesManager","filename":"manager.py","lineno":179}
{"timestamp":"2025-11-20T05:53:16.905307Z","level":"info","event":"Filling up the DagBag from /opt/airflow/dags/file_sensor_example.py","logger":"airflow.models.dagbag.DagBag","filename":"dagbag.py","lineno":593}
{"timestamp":"2025-11-20T05:53:16.921011Z","level":"warning","event":"The `airflow.sensors.filesystem.FileSensor` attribute is deprecated. Please use `'airflow.providers.standard.sensors.filesystem.FileSensor'`.","category":"DeprecatedImportWarning","filename":"/opt/airflow/dags/file_sensor_example.py","lineno":3,"logger":"py.warnings"}
{"timestamp":"2025-11-20T05:53:16.921156Z","level":"warning","event":"The `airflow.operators.bash.BashOperator` attribute is deprecated. Please use `'airflow.providers.standard.operators.bash.BashOperator'`.","category":"DeprecatedImportWarning","filename":"/opt/airflow/dags/file_sensor_example.py","lineno":4,"logger":"py.warnings"}
{"timestamp":"2025-11-20T05:53:16.936655Z","level":"info","event":"Task instance is in running state","logger":"task.stdout"}
{"timestamp":"2025-11-20T05:53:16.937234Z","level":"info","event":" Previous state of the Task instance: TaskInstanceState.QUEUED","logger":"task.stdout"}
{"timestamp":"2025-11-20T05:53:16.937640Z","level":"info","event":"Current task name:wait_for_file","logger":"task.stdout"}
{"timestamp":"2025-11-20T05:53:16.937866Z","level":"info","event":"Dag name:file_sensor_example","logger":"task.stdout"}
{"timestamp":"2025-11-20T05:53:16.952304Z","level":"info","event":"Poking for file /opt/airflow/dags/sample.txt","logger":"airflow.task.operators.airflow.providers.standard.sensors.filesystem.FileSensor","filename":"filesystem.py","lineno":125}
{"timestamp":"2025-11-20T05:53:16.953152Z","level":"info","event":"Rescheduling task, marking task as UP_FOR_RESCHEDULE","logger":"task","filename":"task_runner.py","lineno":961}
{"timestamp":"2025-11-20T05:53:28.156222Z","level":"info","event":"DAG bundles loaded: dags-folder, example_dags","logger":"airflow.dag_processing.bundles.manager.DagBundlesManager","filename":"manager.py","lineno":179}
{"timestamp":"2025-11-20T05:53:28.157585Z","level":"info","event":"Filling up the DagBag from /opt/airflow/dags/file_sensor_example.py","logger":"airflow.models.dagbag.DagBag","filename":"dagbag.py","lineno":593}
{"timestamp":"2025-11-20T05:53:28.177205Z","level":"warning","event":"The `airflow.sensors.filesystem.FileSensor` attribute is deprecated. Please use `'airflow.providers.standard.sensors.filesystem.FileSensor'`.","category":"DeprecatedImportWarning","filename":"/opt/airflow/dags/file_sensor_example.py","lineno":3,"logger":"py.warnings"}
{"timestamp":"2025-11-20T05:53:28.177520Z","level":"warning","event":"The `airflow.operators.bash.BashOperator` attribute is deprecated. Please use `'airflow.providers.standard.operators.bash.BashOperator'`.","category":"DeprecatedImportWarning","filename":"/opt/airflow/dags/file_sensor_example.py","lineno":4,"logger":"py.warnings"}
{"timestamp":"2025-11-20T05:53:28.197380Z","level":"info","event":"Task instance is in running state","logger":"task.stdout"}
{"timestamp":"2025-11-20T05:53:28.198039Z","level":"info","event":" Previous state of the Task instance: TaskInstanceState.QUEUED","logger":"task.stdout"}
{"timestamp":"2025-11-20T05:53:28.198343Z","level":"info","event":"Current task name:wait_for_file","logger":"task.stdout"}
{"timestamp":"2025-11-20T05:53:28.198577Z","level":"info","event":"Dag name:file_sensor_example","logger":"task.stdout"}
{"timestamp":"2025-11-20T05:53:28.217474Z","level":"info","event":"Poking for file /opt/airflow/dags/sample.txt","logger":"airflow.task.operators.airflow.providers.standard.sensors.filesystem.FileSensor","filename":"filesystem.py","lineno":125}
{"timestamp":"2025-11-20T05:53:28.218378Z","level":"info","event":"Rescheduling task, marking task as UP_FOR_RESCHEDULE","logger":"task","filename":"task_runner.py","lineno":961}
{"timestamp":"2025-11-20T05:53:38.652997Z","level":"info","event":"DAG bundles loaded: dags-folder, example_dags","logger":"airflow.dag_processing.bundles.manager.DagBundlesManager","filename":"manager.py","lineno":179}
{"timestamp":"2025-11-20T05:53:38.654146Z","level":"info","event":"Filling up the DagBag from /opt/airflow/dags/file_sensor_example.py","logger":"airflow.models.dagbag.DagBag","filename":"dagbag.py","lineno":593}
{"timestamp":"2025-11-20T05:53:38.672047Z","level":"warning","event":"The `airflow.sensors.filesystem.FileSensor` attribute is deprecated. Please use `'airflow.providers.standard.sensors.filesystem.FileSensor'`.","category":"DeprecatedImportWarning","filename":"/opt/airflow/dags/file_sensor_example.py","lineno":3,"logger":"py.warnings"}
{"timestamp":"2025-11-20T05:53:38.672196Z","level":"warning","event":"The `airflow.operators.bash.BashOperator` attribute is deprecated. Please use `'airflow.providers.standard.operators.bash.BashOperator'`.","category":"DeprecatedImportWarning","filename":"/opt/airflow/dags/file_sensor_example.py","lineno":4,"logger":"py.warnings"}
{"timestamp":"2025-11-20T05:53:38.686257Z","level":"info","event":"Task instance is in running state","logger":"task.stdout"}
{"timestamp":"2025-11-20T05:53:38.686741Z","level":"info","event":" Previous state of the Task instance: TaskInstanceState.QUEUED","logger":"task.stdout"}
{"timestamp":"2025-11-20T05:53:38.687001Z","level":"info","event":"Current task name:wait_for_file","logger":"task.stdout"}
{"timestamp":"2025-11-20T05:53:38.687190Z","level":"info","event":"Dag name:file_sensor_example","logger":"task.stdout"}
{"timestamp":"2025-11-20T05:53:38.699998Z","level":"info","event":"Poking for file /opt/airflow/dags/sample.txt","logger":"airflow.task.operators.airflow.providers.standard.sensors.filesystem.FileSensor","filename":"filesystem.py","lineno":125}
{"timestamp":"2025-11-20T05:53:38.700781Z","level":"info","event":"Rescheduling task, marking task as UP_FOR_RESCHEDULE","logger":"task","filename":"task_runner.py","lineno":961}
{"timestamp":"2025-11-20T05:53:49.099530Z","level":"info","event":"DAG bundles loaded: dags-folder, example_dags","logger":"airflow.dag_processing.bundles.manager.DagBundlesManager","filename":"manager.py","lineno":179}
{"timestamp":"2025-11-20T05:53:49.100762Z","level":"info","event":"Filling up the DagBag from /opt/airflow/dags/file_sensor_example.py","logger":"airflow.models.dagbag.DagBag","filename":"dagbag.py","lineno":593}
{"timestamp":"2025-11-20T05:53:49.137206Z","level":"warning","event":"The `airflow.sensors.filesystem.FileSensor` attribute is deprecated. Please use `'airflow.providers.standard.sensors.filesystem.FileSensor'`.","category":"DeprecatedImportWarning","filename":"/opt/airflow/dags/file_sensor_example.py","lineno":3,"logger":"py.warnings"}
{"timestamp":"2025-11-20T05:53:49.137347Z","level":"warning","event":"The `airflow.operators.bash.BashOperator` attribute is deprecated. Please use `'airflow.providers.standard.operators.bash.BashOperator'`.","category":"DeprecatedImportWarning","filename":"/opt/airflow/dags/file_sensor_example.py","lineno":4,"logger":"py.warnings"}
{"timestamp":"2025-11-20T05:53:49.154107Z","level":"info","event":"Task instance is in running state","logger":"task.stdout"}
{"timestamp":"2025-11-20T05:53:49.154620Z","level":"info","event":" Previous state of the Task instance: TaskInstanceState.QUEUED","logger":"task.stdout"}
{"timestamp":"2025-11-20T05:53:49.155075Z","level":"info","event":"Current task name:wait_for_file","logger":"task.stdout"}
{"timestamp":"2025-11-20T05:53:49.155420Z","level":"info","event":"Dag name:file_sensor_example","logger":"task.stdout"}
{"timestamp":"2025-11-20T05:53:49.170454Z","level":"info","event":"Poking for file /opt/airflow/dags/sample.txt","logger":"airflow.task.operators.airflow.providers.standard.sensors.filesystem.FileSensor","filename":"filesystem.py","lineno":125}
{"timestamp":"2025-11-20T05:53:49.171424Z","level":"info","event":"Rescheduling task, marking task as UP_FOR_RESCHEDULE","logger":"task","filename":"task_runner.py","lineno":961}
{"timestamp":"2025-11-20T05:54:00.307136Z","level":"info","event":"DAG bundles loaded: dags-folder, example_dags","logger":"airflow.dag_processing.bundles.manager.DagBundlesManager","filename":"manager.py","lineno":179}
{"timestamp":"2025-11-20T05:54:00.308514Z","level":"info","event":"Filling up the DagBag from /opt/airflow/dags/file_sensor_example.py","logger":"airflow.models.dagbag.DagBag","filename":"dagbag.py","lineno":593}
{"timestamp":"2025-11-20T05:54:00.328389Z","level":"warning","event":"The `airflow.sensors.filesystem.FileSensor` attribute is deprecated. Please use `'airflow.providers.standard.sensors.filesystem.FileSensor'`.","category":"DeprecatedImportWarning","filename":"/opt/airflow/dags/file_sensor_example.py","lineno":3,"logger":"py.warnings"}
{"timestamp":"2025-11-20T05:54:00.328555Z","level":"warning","event":"The `airflow.operators.bash.BashOperator` attribute is deprecated. Please use `'airflow.providers.standard.operators.bash.BashOperator'`.","category":"DeprecatedImportWarning","filename":"/opt/airflow/dags/file_sensor_example.py","lineno":4,"logger":"py.warnings"}
{"timestamp":"2025-11-20T05:54:00.341642Z","level":"info","event":"Task instance is in running state","logger":"task.stdout"}
{"timestamp":"2025-11-20T05:54:00.342111Z","level":"info","event":" Previous state of the Task instance: TaskInstanceState.QUEUED","logger":"task.stdout"}
{"timestamp":"2025-11-20T05:54:00.342648Z","level":"info","event":"Current task name:wait_for_file","logger":"task.stdout"}
{"timestamp":"2025-11-20T05:54:00.343041Z","level":"info","event":"Dag name:file_sensor_example","logger":"task.stdout"}
{"timestamp":"2025-11-20T05:54:00.355804Z","level":"info","event":"Poking for file /opt/airflow/dags/sample.txt","logger":"airflow.task.operators.airflow.providers.standard.sensors.filesystem.FileSensor","filename":"filesystem.py","lineno":125}
{"timestamp":"2025-11-20T05:54:00.356681Z","level":"info","event":"Rescheduling task, marking task as UP_FOR_RESCHEDULE","logger":"task","filename":"task_runner.py","lineno":961}
{"timestamp":"2025-11-20T05:54:11.201176Z","level":"info","event":"DAG bundles loaded: dags-folder, example_dags","logger":"airflow.dag_processing.bundles.manager.DagBundlesManager","filename":"manager.py","lineno":179}
{"timestamp":"2025-11-20T05:54:11.202205Z","level":"info","event":"Filling up the DagBag from /opt/airflow/dags/file_sensor_example.py","logger":"airflow.models.dagbag.DagBag","filename":"dagbag.py","lineno":593}
{"timestamp":"2025-11-20T05:54:11.218282Z","level":"warning","event":"The `airflow.sensors.filesystem.FileSensor` attribute is deprecated. Please use `'airflow.providers.standard.sensors.filesystem.FileSensor'`.","category":"DeprecatedImportWarning","filename":"/opt/airflow/dags/file_sensor_example.py","lineno":3,"logger":"py.warnings"}
{"timestamp":"2025-11-20T05:54:11.218425Z","level":"warning","event":"The `airflow.operators.bash.BashOperator` attribute is deprecated. Please use `'airflow.providers.standard.operators.bash.BashOperator'`.","category":"DeprecatedImportWarning","filename":"/opt/airflow/dags/file_sensor_example.py","lineno":4,"logger":"py.warnings"}
{"timestamp":"2025-11-20T05:54:11.234761Z","level":"info","event":"Task instance is in running state","logger":"task.stdout"}
{"timestamp":"2025-11-20T05:54:11.235277Z","level":"info","event":" Previous state of the Task instance: TaskInstanceState.QUEUED","logger":"task.stdout"}
{"timestamp":"2025-11-20T05:54:11.235659Z","level":"info","event":"Current task name:wait_for_file","logger":"task.stdout"}
{"timestamp":"2025-11-20T05:54:11.235892Z","level":"info","event":"Dag name:file_sensor_example","logger":"task.stdout"}
{"timestamp":"2025-11-20T05:54:11.250209Z","level":"info","event":"Poking for file /opt/airflow/dags/sample.txt","logger":"airflow.task.operators.airflow.providers.standard.sensors.filesystem.FileSensor","filename":"filesystem.py","lineno":125}
{"timestamp":"2025-11-20T05:54:11.251032Z","level":"info","event":"Rescheduling task, marking task as UP_FOR_RESCHEDULE","logger":"task","filename":"task_runner.py","lineno":961}
{"timestamp":"2025-11-20T05:54:22.322307Z","level":"info","event":"DAG bundles loaded: dags-folder, example_dags","logger":"airflow.dag_processing.bundles.manager.DagBundlesManager","filename":"manager.py","lineno":179}
{"timestamp":"2025-11-20T05:54:22.323528Z","level":"info","event":"Filling up the DagBag from /opt/airflow/dags/file_sensor_example.py","logger":"airflow.models.dagbag.DagBag","filename":"dagbag.py","lineno":593}
{"timestamp":"2025-11-20T05:54:22.339486Z","level":"warning","event":"The `airflow.sensors.filesystem.FileSensor` attribute is deprecated. Please use `'airflow.providers.standard.sensors.filesystem.FileSensor'`.","category":"DeprecatedImportWarning","filename":"/opt/airflow/dags/file_sensor_example.py","lineno":3,"logger":"py.warnings"}
{"timestamp":"2025-11-20T05:54:22.339714Z","level":"warning","event":"The `airflow.operators.bash.BashOperator` attribute is deprecated. Please use `'airflow.providers.standard.operators.bash.BashOperator'`.","category":"DeprecatedImportWarning","filename":"/opt/airflow/dags/file_sensor_example.py","lineno":4,"logger":"py.warnings"}
{"timestamp":"2025-11-20T05:54:22.352624Z","level":"info","event":"Task instance is in running state","logger":"task.stdout"}
{"timestamp":"2025-11-20T05:54:22.353112Z","level":"info","event":" Previous state of the Task instance: TaskInstanceState.QUEUED","logger":"task.stdout"}
{"timestamp":"2025-11-20T05:54:22.353339Z","level":"info","event":"Current task name:wait_for_file","logger":"task.stdout"}
{"timestamp":"2025-11-20T05:54:22.353595Z","level":"info","event":"Dag name:file_sensor_example","logger":"task.stdout"}
{"timestamp":"2025-11-20T05:54:22.366457Z","level":"info","event":"Poking for file /opt/airflow/dags/sample.txt","logger":"airflow.task.operators.airflow.providers.standard.sensors.filesystem.FileSensor","filename":"filesystem.py","lineno":125}
{"timestamp":"2025-11-20T05:54:22.367068Z","level":"info","event":"Rescheduling task, marking task as UP_FOR_RESCHEDULE","logger":"task","filename":"task_runner.py","lineno":961}
{"timestamp":"2025-11-20T05:54:33.124065Z","level":"info","event":"DAG bundles loaded: dags-folder, example_dags","logger":"airflow.dag_processing.bundles.manager.DagBundlesManager","filename":"manager.py","lineno":179}
{"timestamp":"2025-11-20T05:54:33.125341Z","level":"info","event":"Filling up the DagBag from /opt/airflow/dags/file_sensor_example.py","logger":"airflow.models.dagbag.DagBag","filename":"dagbag.py","lineno":593}
{"timestamp":"2025-11-20T05:54:33.145098Z","level":"warning","event":"The `airflow.sensors.filesystem.FileSensor` attribute is deprecated. Please use `'airflow.providers.standard.sensors.filesystem.FileSensor'`.","category":"DeprecatedImportWarning","filename":"/opt/airflow/dags/file_sensor_example.py","lineno":3,"logger":"py.warnings"}
{"timestamp":"2025-11-20T05:54:33.145251Z","level":"warning","event":"The `airflow.operators.bash.BashOperator` attribute is deprecated. Please use `'airflow.providers.standard.operators.bash.BashOperator'`.","category":"DeprecatedImportWarning","filename":"/opt/airflow/dags/file_sensor_example.py","lineno":4,"logger":"py.warnings"}
{"timestamp":"2025-11-20T05:54:33.161147Z","level":"info","event":"Task instance is in running state","logger":"task.stdout"}
{"timestamp":"2025-11-20T05:54:33.161715Z","level":"info","event":" Previous state of the Task instance: TaskInstanceState.QUEUED","logger":"task.stdout"}
{"timestamp":"2025-11-20T05:54:33.162078Z","level":"info","event":"Current task name:wait_for_file","logger":"task.stdout"}
{"timestamp":"2025-11-20T05:54:33.162487Z","level":"info","event":"Dag name:file_sensor_example","logger":"task.stdout"}
{"timestamp":"2025-11-20T05:54:33.177443Z","level":"info","event":"Poking for file /opt/airflow/dags/sample.txt","logger":"airflow.task.operators.airflow.providers.standard.sensors.filesystem.FileSensor","filename":"filesystem.py","lineno":125}
{"timestamp":"2025-11-20T05:54:33.178277Z","level":"info","event":"Rescheduling task, marking task as UP_FOR_RESCHEDULE","logger":"task","filename":"task_runner.py","lineno":961}
{"timestamp":"2025-11-20T05:54:44.241258Z","level":"info","event":"DAG bundles loaded: dags-folder, example_dags","logger":"airflow.dag_processing.bundles.manager.DagBundlesManager","filename":"manager.py","lineno":179}
{"timestamp":"2025-11-20T05:54:44.242587Z","level":"info","event":"Filling up the DagBag from /opt/airflow/dags/file_sensor_example.py","logger":"airflow.models.dagbag.DagBag","filename":"dagbag.py","lineno":593}
{"timestamp":"2025-11-20T05:54:44.261356Z","level":"warning","event":"The `airflow.sensors.filesystem.FileSensor` attribute is deprecated. Please use `'airflow.providers.standard.sensors.filesystem.FileSensor'`.","category":"DeprecatedImportWarning","filename":"/opt/airflow/dags/file_sensor_example.py","lineno":3,"logger":"py.warnings"}
{"timestamp":"2025-11-20T05:54:44.261502Z","level":"warning","event":"The `airflow.operators.bash.BashOperator` attribute is deprecated. Please use `'airflow.providers.standard.operators.bash.BashOperator'`.","category":"DeprecatedImportWarning","filename":"/opt/airflow/dags/file_sensor_example.py","lineno":4,"logger":"py.warnings"}
{"timestamp":"2025-11-20T05:54:44.277828Z","level":"info","event":"Task instance is in running state","logger":"task.stdout"}
{"timestamp":"2025-11-20T05:54:44.278488Z","level":"info","event":" Previous state of the Task instance: TaskInstanceState.QUEUED","logger":"task.stdout"}
{"timestamp":"2025-11-20T05:54:44.278861Z","level":"info","event":"Current task name:wait_for_file","logger":"task.stdout"}
{"timestamp":"2025-11-20T05:54:44.279123Z","level":"info","event":"Dag name:file_sensor_example","logger":"task.stdout"}
{"timestamp":"2025-11-20T05:54:44.292768Z","level":"info","event":"Poking for file /opt/airflow/dags/sample.txt","logger":"airflow.task.operators.airflow.providers.standard.sensors.filesystem.FileSensor","filename":"filesystem.py","lineno":125}
{"timestamp":"2025-11-20T05:54:44.293510Z","level":"info","event":"Rescheduling task, marking task as UP_FOR_RESCHEDULE","logger":"task","filename":"task_runner.py","lineno":961}
{"timestamp":"2025-11-20T05:54:55.198236Z","level":"info","event":"DAG bundles loaded: dags-folder, example_dags","logger":"airflow.dag_processing.bundles.manager.DagBundlesManager","filename":"manager.py","lineno":179}
{"timestamp":"2025-11-20T05:54:55.201363Z","level":"info","event":"Filling up the DagBag from /opt/airflow/dags/file_sensor_example.py","logger":"airflow.models.dagbag.DagBag","filename":"dagbag.py","lineno":593}
{"timestamp":"2025-11-20T05:54:55.228005Z","level":"warning","event":"The `airflow.sensors.filesystem.FileSensor` attribute is deprecated. Please use `'airflow.providers.standard.sensors.filesystem.FileSensor'`.","category":"DeprecatedImportWarning","filename":"/opt/airflow/dags/file_sensor_example.py","lineno":3,"logger":"py.warnings"}
{"timestamp":"2025-11-20T05:54:55.228132Z","level":"warning","event":"The `airflow.operators.bash.BashOperator` attribute is deprecated. Please use `'airflow.providers.standard.operators.bash.BashOperator'`.","category":"DeprecatedImportWarning","filename":"/opt/airflow/dags/file_sensor_example.py","lineno":4,"logger":"py.warnings"}
{"timestamp":"2025-11-20T05:54:55.242305Z","level":"info","event":"Task instance is in running state","logger":"task.stdout"}
{"timestamp":"2025-11-20T05:54:55.242850Z","level":"info","event":" Previous state of the Task instance: TaskInstanceState.QUEUED","logger":"task.stdout"}
{"timestamp":"2025-11-20T05:54:55.243218Z","level":"info","event":"Current task name:wait_for_file","logger":"task.stdout"}
{"timestamp":"2025-11-20T05:54:55.243472Z","level":"info","event":"Dag name:file_sensor_example","logger":"task.stdout"}
{"timestamp":"2025-11-20T05:54:55.257118Z","level":"info","event":"Poking for file /opt/airflow/dags/sample.txt","logger":"airflow.task.operators.airflow.providers.standard.sensors.filesystem.FileSensor","filename":"filesystem.py","lineno":125}
{"timestamp":"2025-11-20T05:54:55.257982Z","level":"info","event":"Rescheduling task, marking task as UP_FOR_RESCHEDULE","logger":"task","filename":"task_runner.py","lineno":961}
{"timestamp":"2025-11-20T05:55:06.198146Z","level":"info","event":"DAG bundles loaded: dags-folder, example_dags","logger":"airflow.dag_processing.bundles.manager.DagBundlesManager","filename":"manager.py","lineno":179}
{"timestamp":"2025-11-20T05:55:06.199216Z","level":"info","event":"Filling up the DagBag from /opt/airflow/dags/file_sensor_example.py","logger":"airflow.models.dagbag.DagBag","filename":"dagbag.py","lineno":593}
{"timestamp":"2025-11-20T05:55:06.215710Z","level":"warning","event":"The `airflow.sensors.filesystem.FileSensor` attribute is deprecated. Please use `'airflow.providers.standard.sensors.filesystem.FileSensor'`.","category":"DeprecatedImportWarning","filename":"/opt/airflow/dags/file_sensor_example.py","lineno":3,"logger":"py.warnings"}
{"timestamp":"2025-11-20T05:55:06.215841Z","level":"warning","event":"The `airflow.operators.bash.BashOperator` attribute is deprecated. Please use `'airflow.providers.standard.operators.bash.BashOperator'`.","category":"DeprecatedImportWarning","filename":"/opt/airflow/dags/file_sensor_example.py","lineno":4,"logger":"py.warnings"}
{"timestamp":"2025-11-20T05:55:06.230989Z","level":"info","event":"Task instance is in running state","logger":"task.stdout"}
{"timestamp":"2025-11-20T05:55:06.231448Z","level":"info","event":" Previous state of the Task instance: TaskInstanceState.QUEUED","logger":"task.stdout"}
{"timestamp":"2025-11-20T05:55:06.231701Z","level":"info","event":"Current task name:wait_for_file","logger":"task.stdout"}
{"timestamp":"2025-11-20T05:55:06.231881Z","level":"info","event":"Dag name:file_sensor_example","logger":"task.stdout"}
{"timestamp":"2025-11-20T05:55:06.245314Z","level":"info","event":"Poking for file /opt/airflow/dags/sample.txt","logger":"airflow.task.operators.airflow.providers.standard.sensors.filesystem.FileSensor","filename":"filesystem.py","lineno":125}
{"timestamp":"2025-11-20T05:55:06.246019Z","level":"info","event":"Rescheduling task, marking task as UP_FOR_RESCHEDULE","logger":"task","filename":"task_runner.py","lineno":961}
{"timestamp":"2025-11-20T05:55:17.522052Z","level":"info","event":"DAG bundles loaded: dags-folder, example_dags","logger":"airflow.dag_processing.bundles.manager.DagBundlesManager","filename":"manager.py","lineno":179}
{"timestamp":"2025-11-20T05:55:17.523131Z","level":"info","event":"Filling up the DagBag from /opt/airflow/dags/file_sensor_example.py","logger":"airflow.models.dagbag.DagBag","filename":"dagbag.py","lineno":593}
{"timestamp":"2025-11-20T05:55:17.538821Z","level":"warning","event":"The `airflow.sensors.filesystem.FileSensor` attribute is deprecated. Please use `'airflow.providers.standard.sensors.filesystem.FileSensor'`.","category":"DeprecatedImportWarning","filename":"/opt/airflow/dags/file_sensor_example.py","lineno":3,"logger":"py.warnings"}
{"timestamp":"2025-11-20T05:55:17.538961Z","level":"warning","event":"The `airflow.operators.bash.BashOperator` attribute is deprecated. Please use `'airflow.providers.standard.operators.bash.BashOperator'`.","category":"DeprecatedImportWarning","filename":"/opt/airflow/dags/file_sensor_example.py","lineno":4,"logger":"py.warnings"}
{"timestamp":"2025-11-20T05:55:17.552487Z","level":"info","event":"Task instance is in running state","logger":"task.stdout"}
{"timestamp":"2025-11-20T05:55:17.553016Z","level":"info","event":" Previous state of the Task instance: TaskInstanceState.QUEUED","logger":"task.stdout"}
{"timestamp":"2025-11-20T05:55:17.553261Z","level":"info","event":"Current task name:wait_for_file","logger":"task.stdout"}
{"timestamp":"2025-11-20T05:55:17.553429Z","level":"info","event":"Dag name:file_sensor_example","logger":"task.stdout"}
{"timestamp":"2025-11-20T05:55:17.565483Z","level":"info","event":"Poking for file /opt/airflow/dags/sample.txt","logger":"airflow.task.operators.airflow.providers.standard.sensors.filesystem.FileSensor","filename":"filesystem.py","lineno":125}
{"timestamp":"2025-11-20T05:55:17.566097Z","level":"info","event":"Rescheduling task, marking task as UP_FOR_RESCHEDULE","logger":"task","filename":"task_runner.py","lineno":961}
{"timestamp":"2025-11-20T05:55:28.337851Z","level":"info","event":"DAG bundles loaded: dags-folder, example_dags","logger":"airflow.dag_processing.bundles.manager.DagBundlesManager","filename":"manager.py","lineno":179}
{"timestamp":"2025-11-20T05:55:28.338860Z","level":"info","event":"Filling up the DagBag from /opt/airflow/dags/file_sensor_example.py","logger":"airflow.models.dagbag.DagBag","filename":"dagbag.py","lineno":593}
{"timestamp":"2025-11-20T05:55:28.352178Z","level":"warning","event":"The `airflow.sensors.filesystem.FileSensor` attribute is deprecated. Please use `'airflow.providers.standard.sensors.filesystem.FileSensor'`.","category":"DeprecatedImportWarning","filename":"/opt/airflow/dags/file_sensor_example.py","lineno":3,"logger":"py.warnings"}
{"timestamp":"2025-11-20T05:55:28.352277Z","level":"warning","event":"The `airflow.operators.bash.BashOperator` attribute is deprecated. Please use `'airflow.providers.standard.operators.bash.BashOperator'`.","category":"DeprecatedImportWarning","filename":"/opt/airflow/dags/file_sensor_example.py","lineno":4,"logger":"py.warnings"}
{"timestamp":"2025-11-20T05:55:28.364329Z","level":"info","event":"Task instance is in running state","logger":"task.stdout"}
{"timestamp":"2025-11-20T05:55:28.364810Z","level":"info","event":" Previous state of the Task instance: TaskInstanceState.QUEUED","logger":"task.stdout"}
{"timestamp":"2025-11-20T05:55:28.365024Z","level":"info","event":"Current task name:wait_for_file","logger":"task.stdout"}
{"timestamp":"2025-11-20T05:55:28.365175Z","level":"info","event":"Dag name:file_sensor_example","logger":"task.stdout"}
{"timestamp":"2025-11-20T05:55:28.376653Z","level":"info","event":"Poking for file /opt/airflow/dags/sample.txt","logger":"airflow.task.operators.airflow.providers.standard.sensors.filesystem.FileSensor","filename":"filesystem.py","lineno":125}
{"timestamp":"2025-11-20T05:55:28.377308Z","level":"info","event":"Rescheduling task, marking task as UP_FOR_RESCHEDULE","logger":"task","filename":"task_runner.py","lineno":961}
{"timestamp":"2025-11-20T05:55:38.851206Z","level":"info","event":"DAG bundles loaded: dags-folder, example_dags","logger":"airflow.dag_processing.bundles.manager.DagBundlesManager","filename":"manager.py","lineno":179}
{"timestamp":"2025-11-20T05:55:38.852456Z","level":"info","event":"Filling up the DagBag from /opt/airflow/dags/file_sensor_example.py","logger":"airflow.models.dagbag.DagBag","filename":"dagbag.py","lineno":593}
{"timestamp":"2025-11-20T05:55:38.868252Z","level":"warning","event":"The `airflow.sensors.filesystem.FileSensor` attribute is deprecated. Please use `'airflow.providers.standard.sensors.filesystem.FileSensor'`.","category":"DeprecatedImportWarning","filename":"/opt/airflow/dags/file_sensor_example.py","lineno":3,"logger":"py.warnings"}
{"timestamp":"2025-11-20T05:55:38.868393Z","level":"warning","event":"The `airflow.operators.bash.BashOperator` attribute is deprecated. Please use `'airflow.providers.standard.operators.bash.BashOperator'`.","category":"DeprecatedImportWarning","filename":"/opt/airflow/dags/file_sensor_example.py","lineno":4,"logger":"py.warnings"}
{"timestamp":"2025-11-20T05:55:38.882862Z","level":"info","event":"Task instance is in running state","logger":"task.stdout"}
{"timestamp":"2025-11-20T05:55:38.883362Z","level":"info","event":" Previous state of the Task instance: TaskInstanceState.QUEUED","logger":"task.stdout"}
{"timestamp":"2025-11-20T05:55:38.883721Z","level":"info","event":"Current task name:wait_for_file","logger":"task.stdout"}
{"timestamp":"2025-11-20T05:55:38.883905Z","level":"info","event":"Dag name:file_sensor_example","logger":"task.stdout"}
{"timestamp":"2025-11-20T05:55:38.898588Z","level":"info","event":"Poking for file /opt/airflow/dags/sample.txt","logger":"airflow.task.operators.airflow.providers.standard.sensors.filesystem.FileSensor","filename":"filesystem.py","lineno":125}
{"timestamp":"2025-11-20T05:55:38.899262Z","level":"info","event":"Rescheduling task, marking task as UP_FOR_RESCHEDULE","logger":"task","filename":"task_runner.py","lineno":961}
{"timestamp":"2025-11-20T05:55:49.760604Z","level":"info","event":"DAG bundles loaded: dags-folder, example_dags","logger":"airflow.dag_processing.bundles.manager.DagBundlesManager","filename":"manager.py","lineno":179}
{"timestamp":"2025-11-20T05:55:49.762280Z","level":"info","event":"Filling up the DagBag from /opt/airflow/dags/file_sensor_example.py","logger":"airflow.models.dagbag.DagBag","filename":"dagbag.py","lineno":593}
{"timestamp":"2025-11-20T05:55:49.783956Z","level":"warning","event":"The `airflow.sensors.filesystem.FileSensor` attribute is deprecated. Please use `'airflow.providers.standard.sensors.filesystem.FileSensor'`.","category":"DeprecatedImportWarning","filename":"/opt/airflow/dags/file_sensor_example.py","lineno":3,"logger":"py.warnings"}
{"timestamp":"2025-11-20T05:55:49.784258Z","level":"warning","event":"The `airflow.operators.bash.BashOperator` attribute is deprecated. Please use `'airflow.providers.standard.operators.bash.BashOperator'`.","category":"DeprecatedImportWarning","filename":"/opt/airflow/dags/file_sensor_example.py","lineno":4,"logger":"py.warnings"}
{"timestamp":"2025-11-20T05:55:49.806050Z","level":"info","event":"Task instance is in running state","logger":"task.stdout"}
{"timestamp":"2025-11-20T05:55:49.806762Z","level":"info","event":" Previous state of the Task instance: TaskInstanceState.QUEUED","logger":"task.stdout"}
{"timestamp":"2025-11-20T05:55:49.807241Z","level":"info","event":"Current task name:wait_for_file","logger":"task.stdout"}
{"timestamp":"2025-11-20T05:55:49.807541Z","level":"info","event":"Dag name:file_sensor_example","logger":"task.stdout"}
{"timestamp":"2025-11-20T05:55:49.826105Z","level":"info","event":"Poking for file /opt/airflow/dags/sample.txt","logger":"airflow.task.operators.airflow.providers.standard.sensors.filesystem.FileSensor","filename":"filesystem.py","lineno":125}
{"timestamp":"2025-11-20T05:55:49.827030Z","level":"info","event":"Rescheduling task, marking task as UP_FOR_RESCHEDULE","logger":"task","filename":"task_runner.py","lineno":961}
{"timestamp":"2025-11-20T05:56:00.581999Z","level":"info","event":"DAG bundles loaded: dags-folder, example_dags","logger":"airflow.dag_processing.bundles.manager.DagBundlesManager","filename":"manager.py","lineno":179}
{"timestamp":"2025-11-20T05:56:00.583192Z","level":"info","event":"Filling up the DagBag from /opt/airflow/dags/file_sensor_example.py","logger":"airflow.models.dagbag.DagBag","filename":"dagbag.py","lineno":593}
{"timestamp":"2025-11-20T05:56:00.601645Z","level":"warning","event":"The `airflow.sensors.filesystem.FileSensor` attribute is deprecated. Please use `'airflow.providers.standard.sensors.filesystem.FileSensor'`.","category":"DeprecatedImportWarning","filename":"/opt/airflow/dags/file_sensor_example.py","lineno":3,"logger":"py.warnings"}
{"timestamp":"2025-11-20T05:56:00.601780Z","level":"warning","event":"The `airflow.operators.bash.BashOperator` attribute is deprecated. Please use `'airflow.providers.standard.operators.bash.BashOperator'`.","category":"DeprecatedImportWarning","filename":"/opt/airflow/dags/file_sensor_example.py","lineno":4,"logger":"py.warnings"}
{"timestamp":"2025-11-20T05:56:00.617132Z","level":"info","event":"Task instance is in running state","logger":"task.stdout"}
{"timestamp":"2025-11-20T05:56:00.617698Z","level":"info","event":" Previous state of the Task instance: TaskInstanceState.QUEUED","logger":"task.stdout"}
{"timestamp":"2025-11-20T05:56:00.618030Z","level":"info","event":"Current task name:wait_for_file","logger":"task.stdout"}
{"timestamp":"2025-11-20T05:56:00.618382Z","level":"info","event":"Dag name:file_sensor_example","logger":"task.stdout"}
{"timestamp":"2025-11-20T05:56:00.633770Z","level":"info","event":"Poking for file /opt/airflow/dags/sample.txt","logger":"airflow.task.operators.airflow.providers.standard.sensors.filesystem.FileSensor","filename":"filesystem.py","lineno":125}
{"timestamp":"2025-11-20T05:56:00.634560Z","level":"info","event":"Rescheduling task, marking task as UP_FOR_RESCHEDULE","logger":"task","filename":"task_runner.py","lineno":961}
{"timestamp":"2025-11-20T05:56:11.429272Z","level":"info","event":"DAG bundles loaded: dags-folder, example_dags","logger":"airflow.dag_processing.bundles.manager.DagBundlesManager","filename":"manager.py","lineno":179}
{"timestamp":"2025-11-20T05:56:11.430607Z","level":"info","event":"Filling up the DagBag from /opt/airflow/dags/file_sensor_example.py","logger":"airflow.models.dagbag.DagBag","filename":"dagbag.py","lineno":593}
{"timestamp":"2025-11-20T05:56:11.448340Z","level":"warning","event":"The `airflow.sensors.filesystem.FileSensor` attribute is deprecated. Please use `'airflow.providers.standard.sensors.filesystem.FileSensor'`.","category":"DeprecatedImportWarning","filename":"/opt/airflow/dags/file_sensor_example.py","lineno":3,"logger":"py.warnings"}
{"timestamp":"2025-11-20T05:56:11.448482Z","level":"warning","event":"The `airflow.operators.bash.BashOperator` attribute is deprecated. Please use `'airflow.providers.standard.operators.bash.BashOperator'`.","category":"DeprecatedImportWarning","filename":"/opt/airflow/dags/file_sensor_example.py","lineno":4,"logger":"py.warnings"}
{"timestamp":"2025-11-20T05:56:11.461555Z","level":"info","event":"Task instance is in running state","logger":"task.stdout"}
{"timestamp":"2025-11-20T05:56:11.462172Z","level":"info","event":" Previous state of the Task instance: TaskInstanceState.QUEUED","logger":"task.stdout"}
{"timestamp":"2025-11-20T05:56:11.462597Z","level":"info","event":"Current task name:wait_for_file","logger":"task.stdout"}
{"timestamp":"2025-11-20T05:56:11.463066Z","level":"info","event":"Dag name:file_sensor_example","logger":"task.stdout"}
{"timestamp":"2025-11-20T05:56:11.479610Z","level":"info","event":"Poking for file /opt/airflow/dags/sample.txt","logger":"airflow.task.operators.airflow.providers.standard.sensors.filesystem.FileSensor","filename":"filesystem.py","lineno":125}
{"timestamp":"2025-11-20T05:56:11.480527Z","level":"info","event":"Rescheduling task, marking task as UP_FOR_RESCHEDULE","logger":"task","filename":"task_runner.py","lineno":961}
{"timestamp":"2025-11-20T05:56:22.166903Z","level":"info","event":"DAG bundles loaded: dags-folder, example_dags","logger":"airflow.dag_processing.bundles.manager.DagBundlesManager","filename":"manager.py","lineno":179}
{"timestamp":"2025-11-20T05:56:22.168226Z","level":"info","event":"Filling up the DagBag from /opt/airflow/dags/file_sensor_example.py","logger":"airflow.models.dagbag.DagBag","filename":"dagbag.py","lineno":593}
{"timestamp":"2025-11-20T05:56:22.192017Z","level":"warning","event":"The `airflow.sensors.filesystem.FileSensor` attribute is deprecated. Please use `'airflow.providers.standard.sensors.filesystem.FileSensor'`.","category":"DeprecatedImportWarning","filename":"/opt/airflow/dags/file_sensor_example.py","lineno":3,"logger":"py.warnings"}
{"timestamp":"2025-11-20T05:56:22.192377Z","level":"warning","event":"The `airflow.operators.bash.BashOperator` attribute is deprecated. Please use `'airflow.providers.standard.operators.bash.BashOperator'`.","category":"DeprecatedImportWarning","filename":"/opt/airflow/dags/file_sensor_example.py","lineno":4,"logger":"py.warnings"}
{"timestamp":"2025-11-20T05:56:22.211894Z","level":"info","event":"Task instance is in running state","logger":"task.stdout"}
{"timestamp":"2025-11-20T05:56:22.212495Z","level":"info","event":" Previous state of the Task instance: TaskInstanceState.QUEUED","logger":"task.stdout"}
{"timestamp":"2025-11-20T05:56:22.212925Z","level":"info","event":"Current task name:wait_for_file","logger":"task.stdout"}
{"timestamp":"2025-11-20T05:56:22.213222Z","level":"info","event":"Dag name:file_sensor_example","logger":"task.stdout"}
{"timestamp":"2025-11-20T05:56:22.228740Z","level":"info","event":"Poking for file /opt/airflow/dags/sample.txt","logger":"airflow.task.operators.airflow.providers.standard.sensors.filesystem.FileSensor","filename":"filesystem.py","lineno":125}
{"timestamp":"2025-11-20T05:56:22.229577Z","level":"info","event":"Rescheduling task, marking task as UP_FOR_RESCHEDULE","logger":"task","filename":"task_runner.py","lineno":961}
{"timestamp":"2025-11-20T05:56:32.656330Z","level":"info","event":"DAG bundles loaded: dags-folder, example_dags","logger":"airflow.dag_processing.bundles.manager.DagBundlesManager","filename":"manager.py","lineno":179}
{"timestamp":"2025-11-20T05:56:32.657574Z","level":"info","event":"Filling up the DagBag from /opt/airflow/dags/file_sensor_example.py","logger":"airflow.models.dagbag.DagBag","filename":"dagbag.py","lineno":593}
{"timestamp":"2025-11-20T05:56:32.673088Z","level":"warning","event":"The `airflow.sensors.filesystem.FileSensor` attribute is deprecated. Please use `'airflow.providers.standard.sensors.filesystem.FileSensor'`.","category":"DeprecatedImportWarning","filename":"/opt/airflow/dags/file_sensor_example.py","lineno":3,"logger":"py.warnings"}
{"timestamp":"2025-11-20T05:56:32.673217Z","level":"warning","event":"The `airflow.operators.bash.BashOperator` attribute is deprecated. Please use `'airflow.providers.standard.operators.bash.BashOperator'`.","category":"DeprecatedImportWarning","filename":"/opt/airflow/dags/file_sensor_example.py","lineno":4,"logger":"py.warnings"}
{"timestamp":"2025-11-20T05:56:32.686114Z","level":"info","event":"Task instance is in running state","logger":"task.stdout"}
{"timestamp":"2025-11-20T05:56:32.686562Z","level":"info","event":" Previous state of the Task instance: TaskInstanceState.QUEUED","logger":"task.stdout"}
{"timestamp":"2025-11-20T05:56:32.686846Z","level":"info","event":"Current task name:wait_for_file","logger":"task.stdout"}
{"timestamp":"2025-11-20T05:56:32.687035Z","level":"info","event":"Dag name:file_sensor_example","logger":"task.stdout"}
{"timestamp":"2025-11-20T05:56:32.698791Z","level":"info","event":"Poking for file /opt/airflow/dags/sample.txt","logger":"airflow.task.operators.airflow.providers.standard.sensors.filesystem.FileSensor","filename":"filesystem.py","lineno":125}
{"timestamp":"2025-11-20T05:56:32.699541Z","level":"info","event":"Rescheduling task, marking task as UP_FOR_RESCHEDULE","logger":"task","filename":"task_runner.py","lineno":961}
{"timestamp":"2025-11-20T05:56:43.561280Z","level":"info","event":"DAG bundles loaded: dags-folder, example_dags","logger":"airflow.dag_processing.bundles.manager.DagBundlesManager","filename":"manager.py","lineno":179}
{"timestamp":"2025-11-20T05:56:43.562553Z","level":"info","event":"Filling up the DagBag from /opt/airflow/dags/file_sensor_example.py","logger":"airflow.models.dagbag.DagBag","filename":"dagbag.py","lineno":593}
{"timestamp":"2025-11-20T05:56:43.575017Z","level":"warning","event":"The `airflow.sensors.filesystem.FileSensor` attribute is deprecated. Please use `'airflow.providers.standard.sensors.filesystem.FileSensor'`.","category":"DeprecatedImportWarning","filename":"/opt/airflow/dags/file_sensor_example.py","lineno":3,"logger":"py.warnings"}
{"timestamp":"2025-11-20T05:56:43.575202Z","level":"warning","event":"The `airflow.operators.bash.BashOperator` attribute is deprecated. Please use `'airflow.providers.standard.operators.bash.BashOperator'`.","category":"DeprecatedImportWarning","filename":"/opt/airflow/dags/file_sensor_example.py","lineno":4,"logger":"py.warnings"}
{"timestamp":"2025-11-20T05:56:43.588390Z","level":"info","event":"Task instance is in running state","logger":"task.stdout"}
{"timestamp":"2025-11-20T05:56:43.588827Z","level":"info","event":" Previous state of the Task instance: TaskInstanceState.QUEUED","logger":"task.stdout"}
{"timestamp":"2025-11-20T05:56:43.589095Z","level":"info","event":"Current task name:wait_for_file","logger":"task.stdout"}
{"timestamp":"2025-11-20T05:56:43.589271Z","level":"info","event":"Dag name:file_sensor_example","logger":"task.stdout"}
{"timestamp":"2025-11-20T05:56:43.601755Z","level":"info","event":"Poking for file /opt/airflow/dags/sample.txt","logger":"airflow.task.operators.airflow.providers.standard.sensors.filesystem.FileSensor","filename":"filesystem.py","lineno":125}
{"timestamp":"2025-11-20T05:56:43.602451Z","level":"info","event":"Rescheduling task, marking task as UP_FOR_RESCHEDULE","logger":"task","filename":"task_runner.py","lineno":961}
{"timestamp":"2025-11-20T05:58:27.224793Z","level":"info","event":"DAG bundles loaded: dags-folder, example_dags","logger":"airflow.dag_processing.bundles.manager.DagBundlesManager","filename":"manager.py","lineno":179}
{"timestamp":"2025-11-20T05:58:27.226209Z","level":"info","event":"Filling up the DagBag from /opt/airflow/dags/file_sensor_example.py","logger":"airflow.models.dagbag.DagBag","filename":"dagbag.py","lineno":593}
{"timestamp":"2025-11-20T05:58:27.256198Z","level":"warning","event":"The `airflow.sensors.filesystem.FileSensor` attribute is deprecated. Please use `'airflow.providers.standard.sensors.filesystem.FileSensor'`.","category":"DeprecatedImportWarning","filename":"/opt/airflow/dags/file_sensor_example.py","lineno":3,"logger":"py.warnings"}
{"timestamp":"2025-11-20T05:58:27.256325Z","level":"warning","event":"The `airflow.operators.bash.BashOperator` attribute is deprecated. Please use `'airflow.providers.standard.operators.bash.BashOperator'`.","category":"DeprecatedImportWarning","filename":"/opt/airflow/dags/file_sensor_example.py","lineno":4,"logger":"py.warnings"}
{"timestamp":"2025-11-20T05:58:27.512752Z","level":"info","event":"Task instance is in running state","logger":"task.stdout"}
{"timestamp":"2025-11-20T05:58:27.513309Z","level":"info","event":" Previous state of the Task instance: TaskInstanceState.QUEUED","logger":"task.stdout"}
{"timestamp":"2025-11-20T05:58:27.513749Z","level":"info","event":"Current task name:wait_for_file","logger":"task.stdout"}
{"timestamp":"2025-11-20T05:58:27.514293Z","level":"info","event":"Dag name:file_sensor_example","logger":"task.stdout"}
{"timestamp":"2025-11-20T05:58:27.535407Z","level":"info","event":"Poking for file /opt/airflow/dags/sample.txt","logger":"airflow.task.operators.airflow.providers.standard.sensors.filesystem.FileSensor","filename":"filesystem.py","lineno":125}
{"timestamp":"2025-11-20T05:58:27.536600Z","level":"error","event":"Task failed with exception","logger":"task","filename":"task_runner.py","lineno":969,"error_detail":[{"exc_type":"AirflowSensorTimeout","exc_value":"Sensor has timed out; run duration of 321.363454 seconds exceeds the specified timeout of 300.0.","exc_notes":[],"syntax_error":null,"is_cause":false,"frames":[{"filename":"/home/airflow/.local/lib/python3.12/site-packages/airflow/sdk/execution_time/task_runner.py","lineno":928,"name":"run"},{"filename":"/home/airflow/.local/lib/python3.12/site-packages/airflow/sdk/execution_time/task_runner.py","lineno":1315,"name":"_execute_task"},{"filename":"/home/airflow/.local/lib/python3.12/site-packages/airflow/sdk/bases/operator.py","lineno":416,"name":"wrapper"},{"filename":"/home/airflow/.local/lib/python3.12/site-packages/airflow/providers/standard/sensors/filesystem.py","lineno":139,"name":"execute"},{"filename":"/home/airflow/.local/lib/python3.12/site-packages/airflow/sdk/bases/operator.py","lineno":416,"name":"wrapper"},{"filename":"/home/airflow/.local/lib/python3.12/site-packages/airflow/sdk/bases/sensor.py","lineno":243,"name":"execute"}],"is_group":false,"exceptions":[]}]}
{"timestamp":"2025-11-20T05:58:27.537982Z","level":"info","event":"Task instance in failure state","logger":"task.stdout"}
{"timestamp":"2025-11-20T05:58:27.538671Z","level":"info","event":"Task start","logger":"task.stdout"}
{"timestamp":"2025-11-20T05:58:27.539106Z","level":"info","event":"Task:<Task(FileSensor): wait_for_file>","logger":"task.stdout"}
{"timestamp":"2025-11-20T05:58:27.539513Z","level":"info","event":"Failure caused by Sensor has timed out; run duration of 321.363454 seconds exceeds the specified timeout of 300.0.","logger":"task.stdout"}
