{"timestamp":"2025-11-20T06:01:25.775181Z","level":"info","event":"DAG bundles loaded: dags-folder, example_dags","logger":"airflow.dag_processing.bundles.manager.DagBundlesManager","filename":"manager.py","lineno":179}
{"timestamp":"2025-11-20T06:01:25.777064Z","level":"info","event":"Filling up the DagBag from /opt/airflow/dags/file_sensor_example.py","logger":"airflow.models.dagbag.DagBag","filename":"dagbag.py","lineno":593}
{"timestamp":"2025-11-20T06:01:25.805841Z","level":"warning","event":"The `airflow.sensors.filesystem.FileSensor` attribute is deprecated. Please use `'airflow.providers.standard.sensors.filesystem.FileSensor'`.","category":"DeprecatedImportWarning","filename":"/opt/airflow/dags/file_sensor_example.py","lineno":3,"logger":"py.warnings"}
{"timestamp":"2025-11-20T06:01:25.806094Z","level":"warning","event":"The `airflow.operators.bash.BashOperator` attribute is deprecated. Please use `'airflow.providers.standard.operators.bash.BashOperator'`.","category":"DeprecatedImportWarning","filename":"/opt/airflow/dags/file_sensor_example.py","lineno":4,"logger":"py.warnings"}
{"timestamp":"2025-11-20T06:01:25.838025Z","level":"info","event":"Task instance is in running state","logger":"task.stdout"}
{"timestamp":"2025-11-20T06:01:25.838462Z","level":"info","event":" Previous state of the Task instance: TaskInstanceState.QUEUED","logger":"task.stdout"}
{"timestamp":"2025-11-20T06:01:25.838759Z","level":"info","event":"Current task name:wait_for_file","logger":"task.stdout"}
{"timestamp":"2025-11-20T06:01:25.838931Z","level":"info","event":"Dag name:file_sensor_example","logger":"task.stdout"}
{"timestamp":"2025-11-20T06:01:25.856596Z","level":"info","event":"Poking for file /opt/airflow/dags/sample.txt","logger":"airflow.task.operators.airflow.providers.standard.sensors.filesystem.FileSensor","filename":"filesystem.py","lineno":125}
{"timestamp":"2025-11-20T06:01:25.857793Z","level":"info","event":"Rescheduling task, marking task as UP_FOR_RESCHEDULE","logger":"task","filename":"task_runner.py","lineno":961}
{"timestamp":"2025-11-20T06:01:37.199024Z","level":"info","event":"DAG bundles loaded: dags-folder, example_dags","logger":"airflow.dag_processing.bundles.manager.DagBundlesManager","filename":"manager.py","lineno":179}
{"timestamp":"2025-11-20T06:01:37.200256Z","level":"info","event":"Filling up the DagBag from /opt/airflow/dags/file_sensor_example.py","logger":"airflow.models.dagbag.DagBag","filename":"dagbag.py","lineno":593}
{"timestamp":"2025-11-20T06:01:37.217140Z","level":"warning","event":"The `airflow.sensors.filesystem.FileSensor` attribute is deprecated. Please use `'airflow.providers.standard.sensors.filesystem.FileSensor'`.","category":"DeprecatedImportWarning","filename":"/opt/airflow/dags/file_sensor_example.py","lineno":3,"logger":"py.warnings"}
{"timestamp":"2025-11-20T06:01:37.217268Z","level":"warning","event":"The `airflow.operators.bash.BashOperator` attribute is deprecated. Please use `'airflow.providers.standard.operators.bash.BashOperator'`.","category":"DeprecatedImportWarning","filename":"/opt/airflow/dags/file_sensor_example.py","lineno":4,"logger":"py.warnings"}
{"timestamp":"2025-11-20T06:01:37.233415Z","level":"info","event":"Task instance is in running state","logger":"task.stdout"}
{"timestamp":"2025-11-20T06:01:37.233838Z","level":"info","event":" Previous state of the Task instance: TaskInstanceState.QUEUED","logger":"task.stdout"}
{"timestamp":"2025-11-20T06:01:37.234069Z","level":"info","event":"Current task name:wait_for_file","logger":"task.stdout"}
{"timestamp":"2025-11-20T06:01:37.234242Z","level":"info","event":"Dag name:file_sensor_example","logger":"task.stdout"}
{"timestamp":"2025-11-20T06:01:37.249517Z","level":"info","event":"Poking for file /opt/airflow/dags/sample.txt","logger":"airflow.task.operators.airflow.providers.standard.sensors.filesystem.FileSensor","filename":"filesystem.py","lineno":125}
{"timestamp":"2025-11-20T06:01:37.250402Z","level":"info","event":"Rescheduling task, marking task as UP_FOR_RESCHEDULE","logger":"task","filename":"task_runner.py","lineno":961}
{"timestamp":"2025-11-20T06:01:48.279701Z","level":"info","event":"DAG bundles loaded: dags-folder, example_dags","logger":"airflow.dag_processing.bundles.manager.DagBundlesManager","filename":"manager.py","lineno":179}
{"timestamp":"2025-11-20T06:01:48.281469Z","level":"info","event":"Filling up the DagBag from /opt/airflow/dags/file_sensor_example.py","logger":"airflow.models.dagbag.DagBag","filename":"dagbag.py","lineno":593}
{"timestamp":"2025-11-20T06:01:48.305649Z","level":"warning","event":"The `airflow.sensors.filesystem.FileSensor` attribute is deprecated. Please use `'airflow.providers.standard.sensors.filesystem.FileSensor'`.","category":"DeprecatedImportWarning","filename":"/opt/airflow/dags/file_sensor_example.py","lineno":3,"logger":"py.warnings"}
{"timestamp":"2025-11-20T06:01:48.305804Z","level":"warning","event":"The `airflow.operators.bash.BashOperator` attribute is deprecated. Please use `'airflow.providers.standard.operators.bash.BashOperator'`.","category":"DeprecatedImportWarning","filename":"/opt/airflow/dags/file_sensor_example.py","lineno":4,"logger":"py.warnings"}
{"timestamp":"2025-11-20T06:01:48.324456Z","level":"info","event":"Task instance is in running state","logger":"task.stdout"}
{"timestamp":"2025-11-20T06:01:48.325022Z","level":"info","event":" Previous state of the Task instance: TaskInstanceState.QUEUED","logger":"task.stdout"}
{"timestamp":"2025-11-20T06:01:48.325471Z","level":"info","event":"Current task name:wait_for_file","logger":"task.stdout"}
{"timestamp":"2025-11-20T06:01:48.325786Z","level":"info","event":"Dag name:file_sensor_example","logger":"task.stdout"}
{"timestamp":"2025-11-20T06:01:48.346114Z","level":"info","event":"Poking for file /opt/airflow/dags/sample.txt","logger":"airflow.task.operators.airflow.providers.standard.sensors.filesystem.FileSensor","filename":"filesystem.py","lineno":125}
{"timestamp":"2025-11-20T06:01:48.346856Z","level":"info","event":"Rescheduling task, marking task as UP_FOR_RESCHEDULE","logger":"task","filename":"task_runner.py","lineno":961}
{"timestamp":"2025-11-20T06:01:59.501870Z","level":"info","event":"DAG bundles loaded: dags-folder, example_dags","logger":"airflow.dag_processing.bundles.manager.DagBundlesManager","filename":"manager.py","lineno":179}
{"timestamp":"2025-11-20T06:01:59.504467Z","level":"info","event":"Filling up the DagBag from /opt/airflow/dags/file_sensor_example.py","logger":"airflow.models.dagbag.DagBag","filename":"dagbag.py","lineno":593}
{"timestamp":"2025-11-20T06:01:59.528797Z","level":"warning","event":"The `airflow.sensors.filesystem.FileSensor` attribute is deprecated. Please use `'airflow.providers.standard.sensors.filesystem.FileSensor'`.","category":"DeprecatedImportWarning","filename":"/opt/airflow/dags/file_sensor_example.py","lineno":3,"logger":"py.warnings"}
{"timestamp":"2025-11-20T06:01:59.528942Z","level":"warning","event":"The `airflow.operators.bash.BashOperator` attribute is deprecated. Please use `'airflow.providers.standard.operators.bash.BashOperator'`.","category":"DeprecatedImportWarning","filename":"/opt/airflow/dags/file_sensor_example.py","lineno":4,"logger":"py.warnings"}
{"timestamp":"2025-11-20T06:01:59.548145Z","level":"info","event":"Task instance is in running state","logger":"task.stdout"}
{"timestamp":"2025-11-20T06:01:59.548859Z","level":"info","event":" Previous state of the Task instance: TaskInstanceState.QUEUED","logger":"task.stdout"}
{"timestamp":"2025-11-20T06:01:59.549504Z","level":"info","event":"Current task name:wait_for_file","logger":"task.stdout"}
{"timestamp":"2025-11-20T06:01:59.550139Z","level":"info","event":"Dag name:file_sensor_example","logger":"task.stdout"}
{"timestamp":"2025-11-20T06:01:59.574622Z","level":"info","event":"Poking for file /opt/airflow/dags/sample.txt","logger":"airflow.task.operators.airflow.providers.standard.sensors.filesystem.FileSensor","filename":"filesystem.py","lineno":125}
{"timestamp":"2025-11-20T06:01:59.575715Z","level":"info","event":"Rescheduling task, marking task as UP_FOR_RESCHEDULE","logger":"task","filename":"task_runner.py","lineno":961}
{"timestamp":"2025-11-20T06:02:10.191618Z","level":"info","event":"DAG bundles loaded: dags-folder, example_dags","logger":"airflow.dag_processing.bundles.manager.DagBundlesManager","filename":"manager.py","lineno":179}
{"timestamp":"2025-11-20T06:02:10.192769Z","level":"info","event":"Filling up the DagBag from /opt/airflow/dags/file_sensor_example.py","logger":"airflow.models.dagbag.DagBag","filename":"dagbag.py","lineno":593}
{"timestamp":"2025-11-20T06:02:10.219521Z","level":"warning","event":"The `airflow.sensors.filesystem.FileSensor` attribute is deprecated. Please use `'airflow.providers.standard.sensors.filesystem.FileSensor'`.","category":"DeprecatedImportWarning","filename":"/opt/airflow/dags/file_sensor_example.py","lineno":3,"logger":"py.warnings"}
{"timestamp":"2025-11-20T06:02:10.219742Z","level":"warning","event":"The `airflow.operators.bash.BashOperator` attribute is deprecated. Please use `'airflow.providers.standard.operators.bash.BashOperator'`.","category":"DeprecatedImportWarning","filename":"/opt/airflow/dags/file_sensor_example.py","lineno":4,"logger":"py.warnings"}
{"timestamp":"2025-11-20T06:02:10.241261Z","level":"info","event":"Task instance is in running state","logger":"task.stdout"}
{"timestamp":"2025-11-20T06:02:10.242132Z","level":"info","event":" Previous state of the Task instance: TaskInstanceState.QUEUED","logger":"task.stdout"}
{"timestamp":"2025-11-20T06:02:10.242733Z","level":"info","event":"Current task name:wait_for_file","logger":"task.stdout"}
{"timestamp":"2025-11-20T06:02:10.243132Z","level":"info","event":"Dag name:file_sensor_example","logger":"task.stdout"}
{"timestamp":"2025-11-20T06:02:10.256894Z","level":"info","event":"Poking for file /opt/airflow/dags/sample.txt","logger":"airflow.task.operators.airflow.providers.standard.sensors.filesystem.FileSensor","filename":"filesystem.py","lineno":125}
{"timestamp":"2025-11-20T06:02:10.257787Z","level":"info","event":"Rescheduling task, marking task as UP_FOR_RESCHEDULE","logger":"task","filename":"task_runner.py","lineno":961}
{"timestamp":"2025-11-20T06:02:21.493726Z","level":"info","event":"DAG bundles loaded: dags-folder, example_dags","logger":"airflow.dag_processing.bundles.manager.DagBundlesManager","filename":"manager.py","lineno":179}
{"timestamp":"2025-11-20T06:02:21.495107Z","level":"info","event":"Filling up the DagBag from /opt/airflow/dags/file_sensor_example.py","logger":"airflow.models.dagbag.DagBag","filename":"dagbag.py","lineno":593}
{"timestamp":"2025-11-20T06:02:21.518127Z","level":"warning","event":"The `airflow.sensors.filesystem.FileSensor` attribute is deprecated. Please use `'airflow.providers.standard.sensors.filesystem.FileSensor'`.","category":"DeprecatedImportWarning","filename":"/opt/airflow/dags/file_sensor_example.py","lineno":3,"logger":"py.warnings"}
{"timestamp":"2025-11-20T06:02:21.518264Z","level":"warning","event":"The `airflow.operators.bash.BashOperator` attribute is deprecated. Please use `'airflow.providers.standard.operators.bash.BashOperator'`.","category":"DeprecatedImportWarning","filename":"/opt/airflow/dags/file_sensor_example.py","lineno":4,"logger":"py.warnings"}
{"timestamp":"2025-11-20T06:02:21.535258Z","level":"info","event":"Task instance is in running state","logger":"task.stdout"}
{"timestamp":"2025-11-20T06:02:21.535791Z","level":"info","event":" Previous state of the Task instance: TaskInstanceState.QUEUED","logger":"task.stdout"}
{"timestamp":"2025-11-20T06:02:21.536109Z","level":"info","event":"Current task name:wait_for_file","logger":"task.stdout"}
{"timestamp":"2025-11-20T06:02:21.536446Z","level":"info","event":"Dag name:file_sensor_example","logger":"task.stdout"}
{"timestamp":"2025-11-20T06:02:21.550694Z","level":"info","event":"Poking for file /opt/airflow/dags/sample.txt","logger":"airflow.task.operators.airflow.providers.standard.sensors.filesystem.FileSensor","filename":"filesystem.py","lineno":125}
{"timestamp":"2025-11-20T06:02:21.551436Z","level":"info","event":"Rescheduling task, marking task as UP_FOR_RESCHEDULE","logger":"task","filename":"task_runner.py","lineno":961}
{"timestamp":"2025-11-20T06:02:32.675641Z","level":"info","event":"DAG bundles loaded: dags-folder, example_dags","logger":"airflow.dag_processing.bundles.manager.DagBundlesManager","filename":"manager.py","lineno":179}
{"timestamp":"2025-11-20T06:02:32.676889Z","level":"info","event":"Filling up the DagBag from /opt/airflow/dags/file_sensor_example.py","logger":"airflow.models.dagbag.DagBag","filename":"dagbag.py","lineno":593}
{"timestamp":"2025-11-20T06:02:32.701442Z","level":"warning","event":"The `airflow.sensors.filesystem.FileSensor` attribute is deprecated. Please use `'airflow.providers.standard.sensors.filesystem.FileSensor'`.","category":"DeprecatedImportWarning","filename":"/opt/airflow/dags/file_sensor_example.py","lineno":3,"logger":"py.warnings"}
{"timestamp":"2025-11-20T06:02:32.701618Z","level":"warning","event":"The `airflow.operators.bash.BashOperator` attribute is deprecated. Please use `'airflow.providers.standard.operators.bash.BashOperator'`.","category":"DeprecatedImportWarning","filename":"/opt/airflow/dags/file_sensor_example.py","lineno":4,"logger":"py.warnings"}
{"timestamp":"2025-11-20T06:02:32.721686Z","level":"info","event":"Task instance is in running state","logger":"task.stdout"}
{"timestamp":"2025-11-20T06:02:32.722384Z","level":"info","event":" Previous state of the Task instance: TaskInstanceState.QUEUED","logger":"task.stdout"}
{"timestamp":"2025-11-20T06:02:32.722702Z","level":"info","event":"Current task name:wait_for_file","logger":"task.stdout"}
{"timestamp":"2025-11-20T06:02:32.722973Z","level":"info","event":"Dag name:file_sensor_example","logger":"task.stdout"}
{"timestamp":"2025-11-20T06:02:32.740788Z","level":"info","event":"Poking for file /opt/airflow/dags/sample.txt","logger":"airflow.task.operators.airflow.providers.standard.sensors.filesystem.FileSensor","filename":"filesystem.py","lineno":125}
{"timestamp":"2025-11-20T06:02:32.741779Z","level":"info","event":"Rescheduling task, marking task as UP_FOR_RESCHEDULE","logger":"task","filename":"task_runner.py","lineno":961}
{"timestamp":"2025-11-20T06:02:43.537667Z","level":"info","event":"DAG bundles loaded: dags-folder, example_dags","logger":"airflow.dag_processing.bundles.manager.DagBundlesManager","filename":"manager.py","lineno":179}
{"timestamp":"2025-11-20T06:02:43.539046Z","level":"info","event":"Filling up the DagBag from /opt/airflow/dags/file_sensor_example.py","logger":"airflow.models.dagbag.DagBag","filename":"dagbag.py","lineno":593}
{"timestamp":"2025-11-20T06:02:43.555555Z","level":"warning","event":"The `airflow.sensors.filesystem.FileSensor` attribute is deprecated. Please use `'airflow.providers.standard.sensors.filesystem.FileSensor'`.","category":"DeprecatedImportWarning","filename":"/opt/airflow/dags/file_sensor_example.py","lineno":3,"logger":"py.warnings"}
{"timestamp":"2025-11-20T06:02:43.555685Z","level":"warning","event":"The `airflow.operators.bash.BashOperator` attribute is deprecated. Please use `'airflow.providers.standard.operators.bash.BashOperator'`.","category":"DeprecatedImportWarning","filename":"/opt/airflow/dags/file_sensor_example.py","lineno":4,"logger":"py.warnings"}
{"timestamp":"2025-11-20T06:02:43.571325Z","level":"info","event":"Task instance is in running state","logger":"task.stdout"}
{"timestamp":"2025-11-20T06:02:43.571905Z","level":"info","event":" Previous state of the Task instance: TaskInstanceState.QUEUED","logger":"task.stdout"}
{"timestamp":"2025-11-20T06:02:43.572401Z","level":"info","event":"Current task name:wait_for_file","logger":"task.stdout"}
{"timestamp":"2025-11-20T06:02:43.572736Z","level":"info","event":"Dag name:file_sensor_example","logger":"task.stdout"}
{"timestamp":"2025-11-20T06:02:43.587640Z","level":"info","event":"Poking for file /opt/airflow/dags/sample.txt","logger":"airflow.task.operators.airflow.providers.standard.sensors.filesystem.FileSensor","filename":"filesystem.py","lineno":125}
{"timestamp":"2025-11-20T06:02:43.588414Z","level":"info","event":"Rescheduling task, marking task as UP_FOR_RESCHEDULE","logger":"task","filename":"task_runner.py","lineno":961}
{"timestamp":"2025-11-20T06:02:54.699187Z","level":"info","event":"DAG bundles loaded: dags-folder, example_dags","logger":"airflow.dag_processing.bundles.manager.DagBundlesManager","filename":"manager.py","lineno":179}
{"timestamp":"2025-11-20T06:02:54.700489Z","level":"info","event":"Filling up the DagBag from /opt/airflow/dags/file_sensor_example.py","logger":"airflow.models.dagbag.DagBag","filename":"dagbag.py","lineno":593}
{"timestamp":"2025-11-20T06:02:54.720661Z","level":"warning","event":"The `airflow.sensors.filesystem.FileSensor` attribute is deprecated. Please use `'airflow.providers.standard.sensors.filesystem.FileSensor'`.","category":"DeprecatedImportWarning","filename":"/opt/airflow/dags/file_sensor_example.py","lineno":3,"logger":"py.warnings"}
{"timestamp":"2025-11-20T06:02:54.720789Z","level":"warning","event":"The `airflow.operators.bash.BashOperator` attribute is deprecated. Please use `'airflow.providers.standard.operators.bash.BashOperator'`.","category":"DeprecatedImportWarning","filename":"/opt/airflow/dags/file_sensor_example.py","lineno":4,"logger":"py.warnings"}
{"timestamp":"2025-11-20T06:02:54.997151Z","level":"info","event":"Task instance is in running state","logger":"task.stdout"}
{"timestamp":"2025-11-20T06:02:54.997657Z","level":"info","event":" Previous state of the Task instance: TaskInstanceState.QUEUED","logger":"task.stdout"}
{"timestamp":"2025-11-20T06:02:54.998183Z","level":"info","event":"Current task name:wait_for_file","logger":"task.stdout"}
{"timestamp":"2025-11-20T06:02:54.998531Z","level":"info","event":"Dag name:file_sensor_example","logger":"task.stdout"}
{"timestamp":"2025-11-20T06:02:55.016130Z","level":"info","event":"Poking for file /opt/airflow/dags/sample.txt","logger":"airflow.task.operators.airflow.providers.standard.sensors.filesystem.FileSensor","filename":"filesystem.py","lineno":125}
{"timestamp":"2025-11-20T06:02:55.017202Z","level":"info","event":"Rescheduling task, marking task as UP_FOR_RESCHEDULE","logger":"task","filename":"task_runner.py","lineno":961}
{"timestamp":"2025-11-20T06:03:05.932868Z","level":"info","event":"DAG bundles loaded: dags-folder, example_dags","logger":"airflow.dag_processing.bundles.manager.DagBundlesManager","filename":"manager.py","lineno":179}
{"timestamp":"2025-11-20T06:03:05.934785Z","level":"info","event":"Filling up the DagBag from /opt/airflow/dags/file_sensor_example.py","logger":"airflow.models.dagbag.DagBag","filename":"dagbag.py","lineno":593}
{"timestamp":"2025-11-20T06:03:05.961774Z","level":"warning","event":"The `airflow.sensors.filesystem.FileSensor` attribute is deprecated. Please use `'airflow.providers.standard.sensors.filesystem.FileSensor'`.","category":"DeprecatedImportWarning","filename":"/opt/airflow/dags/file_sensor_example.py","lineno":3,"logger":"py.warnings"}
{"timestamp":"2025-11-20T06:03:05.961929Z","level":"warning","event":"The `airflow.operators.bash.BashOperator` attribute is deprecated. Please use `'airflow.providers.standard.operators.bash.BashOperator'`.","category":"DeprecatedImportWarning","filename":"/opt/airflow/dags/file_sensor_example.py","lineno":4,"logger":"py.warnings"}
{"timestamp":"2025-11-20T06:03:05.983825Z","level":"info","event":"Task instance is in running state","logger":"task.stdout"}
{"timestamp":"2025-11-20T06:03:05.984469Z","level":"info","event":" Previous state of the Task instance: TaskInstanceState.QUEUED","logger":"task.stdout"}
{"timestamp":"2025-11-20T06:03:05.984817Z","level":"info","event":"Current task name:wait_for_file","logger":"task.stdout"}
{"timestamp":"2025-11-20T06:03:05.985170Z","level":"info","event":"Dag name:file_sensor_example","logger":"task.stdout"}
{"timestamp":"2025-11-20T06:03:06.007438Z","level":"info","event":"Poking for file /opt/airflow/dags/sample.txt","logger":"airflow.task.operators.airflow.providers.standard.sensors.filesystem.FileSensor","filename":"filesystem.py","lineno":125}
{"timestamp":"2025-11-20T06:03:06.008948Z","level":"info","event":"Rescheduling task, marking task as UP_FOR_RESCHEDULE","logger":"task","filename":"task_runner.py","lineno":961}
{"timestamp":"2025-11-20T06:03:16.834079Z","level":"info","event":"DAG bundles loaded: dags-folder, example_dags","logger":"airflow.dag_processing.bundles.manager.DagBundlesManager","filename":"manager.py","lineno":179}
{"timestamp":"2025-11-20T06:03:16.835215Z","level":"info","event":"Filling up the DagBag from /opt/airflow/dags/file_sensor_example.py","logger":"airflow.models.dagbag.DagBag","filename":"dagbag.py","lineno":593}
{"timestamp":"2025-11-20T06:03:16.849147Z","level":"warning","event":"The `airflow.sensors.filesystem.FileSensor` attribute is deprecated. Please use `'airflow.providers.standard.sensors.filesystem.FileSensor'`.","category":"DeprecatedImportWarning","filename":"/opt/airflow/dags/file_sensor_example.py","lineno":3,"logger":"py.warnings"}
{"timestamp":"2025-11-20T06:03:16.849268Z","level":"warning","event":"The `airflow.operators.bash.BashOperator` attribute is deprecated. Please use `'airflow.providers.standard.operators.bash.BashOperator'`.","category":"DeprecatedImportWarning","filename":"/opt/airflow/dags/file_sensor_example.py","lineno":4,"logger":"py.warnings"}
{"timestamp":"2025-11-20T06:03:16.863804Z","level":"info","event":"Task instance is in running state","logger":"task.stdout"}
{"timestamp":"2025-11-20T06:03:16.864248Z","level":"info","event":" Previous state of the Task instance: TaskInstanceState.QUEUED","logger":"task.stdout"}
{"timestamp":"2025-11-20T06:03:16.864516Z","level":"info","event":"Current task name:wait_for_file","logger":"task.stdout"}
{"timestamp":"2025-11-20T06:03:16.864688Z","level":"info","event":"Dag name:file_sensor_example","logger":"task.stdout"}
{"timestamp":"2025-11-20T06:03:16.877390Z","level":"info","event":"Poking for file /opt/airflow/dags/sample.txt","logger":"airflow.task.operators.airflow.providers.standard.sensors.filesystem.FileSensor","filename":"filesystem.py","lineno":125}
{"timestamp":"2025-11-20T06:03:16.878321Z","level":"info","event":"Rescheduling task, marking task as UP_FOR_RESCHEDULE","logger":"task","filename":"task_runner.py","lineno":961}
{"timestamp":"2025-11-20T06:03:27.981443Z","level":"info","event":"DAG bundles loaded: dags-folder, example_dags","logger":"airflow.dag_processing.bundles.manager.DagBundlesManager","filename":"manager.py","lineno":179}
{"timestamp":"2025-11-20T06:03:27.983241Z","level":"info","event":"Filling up the DagBag from /opt/airflow/dags/file_sensor_example.py","logger":"airflow.models.dagbag.DagBag","filename":"dagbag.py","lineno":593}
{"timestamp":"2025-11-20T06:03:28.004680Z","level":"warning","event":"The `airflow.sensors.filesystem.FileSensor` attribute is deprecated. Please use `'airflow.providers.standard.sensors.filesystem.FileSensor'`.","category":"DeprecatedImportWarning","filename":"/opt/airflow/dags/file_sensor_example.py","lineno":3,"logger":"py.warnings"}
{"timestamp":"2025-11-20T06:03:28.004843Z","level":"warning","event":"The `airflow.operators.bash.BashOperator` attribute is deprecated. Please use `'airflow.providers.standard.operators.bash.BashOperator'`.","category":"DeprecatedImportWarning","filename":"/opt/airflow/dags/file_sensor_example.py","lineno":4,"logger":"py.warnings"}
{"timestamp":"2025-11-20T06:03:28.030611Z","level":"info","event":"Task instance is in running state","logger":"task.stdout"}
{"timestamp":"2025-11-20T06:03:28.031664Z","level":"info","event":" Previous state of the Task instance: TaskInstanceState.QUEUED","logger":"task.stdout"}
{"timestamp":"2025-11-20T06:03:28.032208Z","level":"info","event":"Current task name:wait_for_file","logger":"task.stdout"}
{"timestamp":"2025-11-20T06:03:28.032615Z","level":"info","event":"Dag name:file_sensor_example","logger":"task.stdout"}
{"timestamp":"2025-11-20T06:03:28.059203Z","level":"info","event":"Poking for file /opt/airflow/dags/sample.txt","logger":"airflow.task.operators.airflow.providers.standard.sensors.filesystem.FileSensor","filename":"filesystem.py","lineno":125}
{"timestamp":"2025-11-20T06:03:28.060247Z","level":"info","event":"Rescheduling task, marking task as UP_FOR_RESCHEDULE","logger":"task","filename":"task_runner.py","lineno":961}
{"timestamp":"2025-11-20T06:03:39.426803Z","level":"info","event":"DAG bundles loaded: dags-folder, example_dags","logger":"airflow.dag_processing.bundles.manager.DagBundlesManager","filename":"manager.py","lineno":179}
{"timestamp":"2025-11-20T06:03:39.428165Z","level":"info","event":"Filling up the DagBag from /opt/airflow/dags/file_sensor_example.py","logger":"airflow.models.dagbag.DagBag","filename":"dagbag.py","lineno":593}
{"timestamp":"2025-11-20T06:03:39.448750Z","level":"warning","event":"The `airflow.sensors.filesystem.FileSensor` attribute is deprecated. Please use `'airflow.providers.standard.sensors.filesystem.FileSensor'`.","category":"DeprecatedImportWarning","filename":"/opt/airflow/dags/file_sensor_example.py","lineno":3,"logger":"py.warnings"}
{"timestamp":"2025-11-20T06:03:39.448902Z","level":"warning","event":"The `airflow.operators.bash.BashOperator` attribute is deprecated. Please use `'airflow.providers.standard.operators.bash.BashOperator'`.","category":"DeprecatedImportWarning","filename":"/opt/airflow/dags/file_sensor_example.py","lineno":4,"logger":"py.warnings"}
{"timestamp":"2025-11-20T06:03:39.467293Z","level":"info","event":"Task instance is in running state","logger":"task.stdout"}
{"timestamp":"2025-11-20T06:03:39.467911Z","level":"info","event":" Previous state of the Task instance: TaskInstanceState.QUEUED","logger":"task.stdout"}
{"timestamp":"2025-11-20T06:03:39.468253Z","level":"info","event":"Current task name:wait_for_file","logger":"task.stdout"}
{"timestamp":"2025-11-20T06:03:39.468511Z","level":"info","event":"Dag name:file_sensor_example","logger":"task.stdout"}
{"timestamp":"2025-11-20T06:03:39.483680Z","level":"info","event":"Poking for file /opt/airflow/dags/sample.txt","logger":"airflow.task.operators.airflow.providers.standard.sensors.filesystem.FileSensor","filename":"filesystem.py","lineno":125}
{"timestamp":"2025-11-20T06:03:39.484535Z","level":"info","event":"Rescheduling task, marking task as UP_FOR_RESCHEDULE","logger":"task","filename":"task_runner.py","lineno":961}
{"timestamp":"2025-11-20T06:03:50.226001Z","level":"info","event":"DAG bundles loaded: dags-folder, example_dags","logger":"airflow.dag_processing.bundles.manager.DagBundlesManager","filename":"manager.py","lineno":179}
{"timestamp":"2025-11-20T06:03:50.227714Z","level":"info","event":"Filling up the DagBag from /opt/airflow/dags/file_sensor_example.py","logger":"airflow.models.dagbag.DagBag","filename":"dagbag.py","lineno":593}
{"timestamp":"2025-11-20T06:03:50.244985Z","level":"warning","event":"The `airflow.sensors.filesystem.FileSensor` attribute is deprecated. Please use `'airflow.providers.standard.sensors.filesystem.FileSensor'`.","category":"DeprecatedImportWarning","filename":"/opt/airflow/dags/file_sensor_example.py","lineno":3,"logger":"py.warnings"}
{"timestamp":"2025-11-20T06:03:50.245111Z","level":"warning","event":"The `airflow.operators.bash.BashOperator` attribute is deprecated. Please use `'airflow.providers.standard.operators.bash.BashOperator'`.","category":"DeprecatedImportWarning","filename":"/opt/airflow/dags/file_sensor_example.py","lineno":4,"logger":"py.warnings"}
{"timestamp":"2025-11-20T06:03:50.263486Z","level":"info","event":"Task instance is in running state","logger":"task.stdout"}
{"timestamp":"2025-11-20T06:03:50.264070Z","level":"info","event":" Previous state of the Task instance: TaskInstanceState.QUEUED","logger":"task.stdout"}
{"timestamp":"2025-11-20T06:03:50.264439Z","level":"info","event":"Current task name:wait_for_file","logger":"task.stdout"}
{"timestamp":"2025-11-20T06:03:50.264638Z","level":"info","event":"Dag name:file_sensor_example","logger":"task.stdout"}
{"timestamp":"2025-11-20T06:03:50.281124Z","level":"info","event":"Poking for file /opt/airflow/dags/sample.txt","logger":"airflow.task.operators.airflow.providers.standard.sensors.filesystem.FileSensor","filename":"filesystem.py","lineno":125}
{"timestamp":"2025-11-20T06:03:50.282179Z","level":"info","event":"Rescheduling task, marking task as UP_FOR_RESCHEDULE","logger":"task","filename":"task_runner.py","lineno":961}
{"timestamp":"2025-11-20T06:04:01.278194Z","level":"info","event":"DAG bundles loaded: dags-folder, example_dags","logger":"airflow.dag_processing.bundles.manager.DagBundlesManager","filename":"manager.py","lineno":179}
{"timestamp":"2025-11-20T06:04:01.280012Z","level":"info","event":"Filling up the DagBag from /opt/airflow/dags/file_sensor_example.py","logger":"airflow.models.dagbag.DagBag","filename":"dagbag.py","lineno":593}
{"timestamp":"2025-11-20T06:04:01.308645Z","level":"warning","event":"The `airflow.sensors.filesystem.FileSensor` attribute is deprecated. Please use `'airflow.providers.standard.sensors.filesystem.FileSensor'`.","category":"DeprecatedImportWarning","filename":"/opt/airflow/dags/file_sensor_example.py","lineno":3,"logger":"py.warnings"}
{"timestamp":"2025-11-20T06:04:01.308845Z","level":"warning","event":"The `airflow.operators.bash.BashOperator` attribute is deprecated. Please use `'airflow.providers.standard.operators.bash.BashOperator'`.","category":"DeprecatedImportWarning","filename":"/opt/airflow/dags/file_sensor_example.py","lineno":4,"logger":"py.warnings"}
{"timestamp":"2025-11-20T06:04:01.328788Z","level":"info","event":"Task instance is in running state","logger":"task.stdout"}
{"timestamp":"2025-11-20T06:04:01.329613Z","level":"info","event":" Previous state of the Task instance: TaskInstanceState.QUEUED","logger":"task.stdout"}
{"timestamp":"2025-11-20T06:04:01.330114Z","level":"info","event":"Current task name:wait_for_file","logger":"task.stdout"}
{"timestamp":"2025-11-20T06:04:01.330624Z","level":"info","event":"Dag name:file_sensor_example","logger":"task.stdout"}
{"timestamp":"2025-11-20T06:04:01.350727Z","level":"info","event":"Poking for file /opt/airflow/dags/sample.txt","logger":"airflow.task.operators.airflow.providers.standard.sensors.filesystem.FileSensor","filename":"filesystem.py","lineno":125}
{"timestamp":"2025-11-20T06:04:01.352281Z","level":"info","event":"Rescheduling task, marking task as UP_FOR_RESCHEDULE","logger":"task","filename":"task_runner.py","lineno":961}
{"timestamp":"2025-11-20T06:04:12.760459Z","level":"info","event":"DAG bundles loaded: dags-folder, example_dags","logger":"airflow.dag_processing.bundles.manager.DagBundlesManager","filename":"manager.py","lineno":179}
{"timestamp":"2025-11-20T06:04:12.761995Z","level":"info","event":"Filling up the DagBag from /opt/airflow/dags/file_sensor_example.py","logger":"airflow.models.dagbag.DagBag","filename":"dagbag.py","lineno":593}
{"timestamp":"2025-11-20T06:04:12.782987Z","level":"warning","event":"The `airflow.sensors.filesystem.FileSensor` attribute is deprecated. Please use `'airflow.providers.standard.sensors.filesystem.FileSensor'`.","category":"DeprecatedImportWarning","filename":"/opt/airflow/dags/file_sensor_example.py","lineno":3,"logger":"py.warnings"}
{"timestamp":"2025-11-20T06:04:12.783156Z","level":"warning","event":"The `airflow.operators.bash.BashOperator` attribute is deprecated. Please use `'airflow.providers.standard.operators.bash.BashOperator'`.","category":"DeprecatedImportWarning","filename":"/opt/airflow/dags/file_sensor_example.py","lineno":4,"logger":"py.warnings"}
{"timestamp":"2025-11-20T06:04:12.802339Z","level":"info","event":"Task instance is in running state","logger":"task.stdout"}
{"timestamp":"2025-11-20T06:04:12.802839Z","level":"info","event":" Previous state of the Task instance: TaskInstanceState.QUEUED","logger":"task.stdout"}
{"timestamp":"2025-11-20T06:04:12.803231Z","level":"info","event":"Current task name:wait_for_file","logger":"task.stdout"}
{"timestamp":"2025-11-20T06:04:12.803461Z","level":"info","event":"Dag name:file_sensor_example","logger":"task.stdout"}
{"timestamp":"2025-11-20T06:04:12.819882Z","level":"info","event":"Poking for file /opt/airflow/dags/sample.txt","logger":"airflow.task.operators.airflow.providers.standard.sensors.filesystem.FileSensor","filename":"filesystem.py","lineno":125}
{"timestamp":"2025-11-20T06:04:12.824310Z","level":"info","event":"Found File /opt/airflow/dags/sample.txt last modified: 20251120060407","logger":"airflow.task.operators.airflow.providers.standard.sensors.filesystem.FileSensor","filename":"filesystem.py","lineno":129}
{"timestamp":"2025-11-20T06:04:12.824429Z","level":"info","event":"Success criteria met. Exiting.","logger":"airflow.task.operators.airflow.providers.standard.sensors.filesystem.FileSensor","filename":"sensor.py","lineno":250}
{"timestamp":"2025-11-20T06:04:12.824550Z","level":"info","event":"Poking for file /opt/airflow/dags/sample.txt","logger":"airflow.task.operators.airflow.providers.standard.sensors.filesystem.FileSensor","filename":"filesystem.py","lineno":125}
{"timestamp":"2025-11-20T06:04:12.827723Z","level":"info","event":"Found File /opt/airflow/dags/sample.txt last modified: 20251120060407","logger":"airflow.task.operators.airflow.providers.standard.sensors.filesystem.FileSensor","filename":"filesystem.py","lineno":129}
{"timestamp":"2025-11-20T06:04:12.849111Z","level":"info","event":"Task instance in success state","logger":"task.stdout"}
{"timestamp":"2025-11-20T06:04:12.849656Z","level":"info","event":" Previous state of the Task instance: TaskInstanceState.RUNNING","logger":"task.stdout"}
{"timestamp":"2025-11-20T06:04:12.850147Z","level":"info","event":"Task operator:<Task(FileSensor): wait_for_file>","logger":"task.stdout"}
