{"timestamp":"2025-11-20T05:47:46.646680Z","level":"info","event":"DAG bundles loaded: dags-folder, example_dags","logger":"airflow.dag_processing.bundles.manager.DagBundlesManager","filename":"manager.py","lineno":179}
{"timestamp":"2025-11-20T05:47:46.648307Z","level":"info","event":"Filling up the DagBag from /opt/airflow/dags/file_sensor_example.py","logger":"airflow.models.dagbag.DagBag","filename":"dagbag.py","lineno":593}
{"timestamp":"2025-11-20T05:47:46.670049Z","level":"warning","event":"The `airflow.sensors.filesystem.FileSensor` attribute is deprecated. Please use `'airflow.providers.standard.sensors.filesystem.FileSensor'`.","category":"DeprecatedImportWarning","filename":"/opt/airflow/dags/file_sensor_example.py","lineno":3,"logger":"py.warnings"}
{"timestamp":"2025-11-20T05:47:46.670215Z","level":"warning","event":"The `airflow.operators.bash.BashOperator` attribute is deprecated. Please use `'airflow.providers.standard.operators.bash.BashOperator'`.","category":"DeprecatedImportWarning","filename":"/opt/airflow/dags/file_sensor_example.py","lineno":4,"logger":"py.warnings"}
{"timestamp":"2025-11-20T05:47:46.695679Z","level":"info","event":"Task instance is in running state","logger":"task.stdout"}
{"timestamp":"2025-11-20T05:47:46.696284Z","level":"info","event":" Previous state of the Task instance: TaskInstanceState.QUEUED","logger":"task.stdout"}
{"timestamp":"2025-11-20T05:47:46.696848Z","level":"info","event":"Current task name:wait_for_file","logger":"task.stdout"}
{"timestamp":"2025-11-20T05:47:46.697651Z","level":"info","event":"Dag name:file_sensor_example","logger":"task.stdout"}
{"timestamp":"2025-11-20T05:47:46.707820Z","level":"info","event":"Poking for file /opt/airflow/dags/sample.txt","logger":"airflow.task.operators.airflow.providers.standard.sensors.filesystem.FileSensor","filename":"filesystem.py","lineno":125}
{"timestamp":"2025-11-20T05:47:46.708836Z","level":"info","event":"Rescheduling task, marking task as UP_FOR_RESCHEDULE","logger":"task","filename":"task_runner.py","lineno":961}
{"timestamp":"2025-11-20T05:47:57.051520Z","level":"info","event":"DAG bundles loaded: dags-folder, example_dags","logger":"airflow.dag_processing.bundles.manager.DagBundlesManager","filename":"manager.py","lineno":179}
{"timestamp":"2025-11-20T05:47:57.053473Z","level":"info","event":"Filling up the DagBag from /opt/airflow/dags/file_sensor_example.py","logger":"airflow.models.dagbag.DagBag","filename":"dagbag.py","lineno":593}
{"timestamp":"2025-11-20T05:47:57.069593Z","level":"warning","event":"The `airflow.sensors.filesystem.FileSensor` attribute is deprecated. Please use `'airflow.providers.standard.sensors.filesystem.FileSensor'`.","category":"DeprecatedImportWarning","filename":"/opt/airflow/dags/file_sensor_example.py","lineno":3,"logger":"py.warnings"}
{"timestamp":"2025-11-20T05:47:57.069755Z","level":"warning","event":"The `airflow.operators.bash.BashOperator` attribute is deprecated. Please use `'airflow.providers.standard.operators.bash.BashOperator'`.","category":"DeprecatedImportWarning","filename":"/opt/airflow/dags/file_sensor_example.py","lineno":4,"logger":"py.warnings"}
{"timestamp":"2025-11-20T05:47:57.084259Z","level":"info","event":"Task instance is in running state","logger":"task.stdout"}
{"timestamp":"2025-11-20T05:47:57.084801Z","level":"info","event":" Previous state of the Task instance: TaskInstanceState.QUEUED","logger":"task.stdout"}
{"timestamp":"2025-11-20T05:47:57.085274Z","level":"info","event":"Current task name:wait_for_file","logger":"task.stdout"}
{"timestamp":"2025-11-20T05:47:57.085623Z","level":"info","event":"Dag name:file_sensor_example","logger":"task.stdout"}
{"timestamp":"2025-11-20T05:47:57.102653Z","level":"info","event":"Poking for file /opt/airflow/dags/sample.txt","logger":"airflow.task.operators.airflow.providers.standard.sensors.filesystem.FileSensor","filename":"filesystem.py","lineno":125}
{"timestamp":"2025-11-20T05:47:57.103595Z","level":"info","event":"Rescheduling task, marking task as UP_FOR_RESCHEDULE","logger":"task","filename":"task_runner.py","lineno":961}
{"timestamp":"2025-11-20T05:48:08.258307Z","level":"info","event":"DAG bundles loaded: dags-folder, example_dags","logger":"airflow.dag_processing.bundles.manager.DagBundlesManager","filename":"manager.py","lineno":179}
{"timestamp":"2025-11-20T05:48:08.260228Z","level":"info","event":"Filling up the DagBag from /opt/airflow/dags/file_sensor_example.py","logger":"airflow.models.dagbag.DagBag","filename":"dagbag.py","lineno":593}
{"timestamp":"2025-11-20T05:48:08.276265Z","level":"warning","event":"The `airflow.sensors.filesystem.FileSensor` attribute is deprecated. Please use `'airflow.providers.standard.sensors.filesystem.FileSensor'`.","category":"DeprecatedImportWarning","filename":"/opt/airflow/dags/file_sensor_example.py","lineno":3,"logger":"py.warnings"}
{"timestamp":"2025-11-20T05:48:08.276398Z","level":"warning","event":"The `airflow.operators.bash.BashOperator` attribute is deprecated. Please use `'airflow.providers.standard.operators.bash.BashOperator'`.","category":"DeprecatedImportWarning","filename":"/opt/airflow/dags/file_sensor_example.py","lineno":4,"logger":"py.warnings"}
{"timestamp":"2025-11-20T05:48:08.293997Z","level":"info","event":"Task instance is in running state","logger":"task.stdout"}
{"timestamp":"2025-11-20T05:48:08.294511Z","level":"info","event":" Previous state of the Task instance: TaskInstanceState.QUEUED","logger":"task.stdout"}
{"timestamp":"2025-11-20T05:48:08.294897Z","level":"info","event":"Current task name:wait_for_file","logger":"task.stdout"}
{"timestamp":"2025-11-20T05:48:08.295204Z","level":"info","event":"Dag name:file_sensor_example","logger":"task.stdout"}
{"timestamp":"2025-11-20T05:48:08.309785Z","level":"info","event":"Poking for file /opt/airflow/dags/sample.txt","logger":"airflow.task.operators.airflow.providers.standard.sensors.filesystem.FileSensor","filename":"filesystem.py","lineno":125}
{"timestamp":"2025-11-20T05:48:08.310689Z","level":"info","event":"Rescheduling task, marking task as UP_FOR_RESCHEDULE","logger":"task","filename":"task_runner.py","lineno":961}
{"timestamp":"2025-11-20T05:48:18.923703Z","level":"info","event":"DAG bundles loaded: dags-folder, example_dags","logger":"airflow.dag_processing.bundles.manager.DagBundlesManager","filename":"manager.py","lineno":179}
{"timestamp":"2025-11-20T05:48:18.925176Z","level":"info","event":"Filling up the DagBag from /opt/airflow/dags/file_sensor_example.py","logger":"airflow.models.dagbag.DagBag","filename":"dagbag.py","lineno":593}
{"timestamp":"2025-11-20T05:48:18.949305Z","level":"warning","event":"The `airflow.sensors.filesystem.FileSensor` attribute is deprecated. Please use `'airflow.providers.standard.sensors.filesystem.FileSensor'`.","category":"DeprecatedImportWarning","filename":"/opt/airflow/dags/file_sensor_example.py","lineno":3,"logger":"py.warnings"}
{"timestamp":"2025-11-20T05:48:18.949509Z","level":"warning","event":"The `airflow.operators.bash.BashOperator` attribute is deprecated. Please use `'airflow.providers.standard.operators.bash.BashOperator'`.","category":"DeprecatedImportWarning","filename":"/opt/airflow/dags/file_sensor_example.py","lineno":4,"logger":"py.warnings"}
{"timestamp":"2025-11-20T05:48:18.970632Z","level":"info","event":"Task instance is in running state","logger":"task.stdout"}
{"timestamp":"2025-11-20T05:48:18.971231Z","level":"info","event":" Previous state of the Task instance: TaskInstanceState.QUEUED","logger":"task.stdout"}
{"timestamp":"2025-11-20T05:48:18.971677Z","level":"info","event":"Current task name:wait_for_file","logger":"task.stdout"}
{"timestamp":"2025-11-20T05:48:18.972261Z","level":"info","event":"Dag name:file_sensor_example","logger":"task.stdout"}
{"timestamp":"2025-11-20T05:48:18.991010Z","level":"info","event":"Poking for file /opt/airflow/dags/sample.txt","logger":"airflow.task.operators.airflow.providers.standard.sensors.filesystem.FileSensor","filename":"filesystem.py","lineno":125}
{"timestamp":"2025-11-20T05:48:18.991837Z","level":"info","event":"Rescheduling task, marking task as UP_FOR_RESCHEDULE","logger":"task","filename":"task_runner.py","lineno":961}
{"timestamp":"2025-11-20T05:48:30.399779Z","level":"info","event":"DAG bundles loaded: dags-folder, example_dags","logger":"airflow.dag_processing.bundles.manager.DagBundlesManager","filename":"manager.py","lineno":179}
{"timestamp":"2025-11-20T05:48:30.401226Z","level":"info","event":"Filling up the DagBag from /opt/airflow/dags/file_sensor_example.py","logger":"airflow.models.dagbag.DagBag","filename":"dagbag.py","lineno":593}
{"timestamp":"2025-11-20T05:48:30.418220Z","level":"warning","event":"The `airflow.sensors.filesystem.FileSensor` attribute is deprecated. Please use `'airflow.providers.standard.sensors.filesystem.FileSensor'`.","category":"DeprecatedImportWarning","filename":"/opt/airflow/dags/file_sensor_example.py","lineno":3,"logger":"py.warnings"}
{"timestamp":"2025-11-20T05:48:30.418399Z","level":"warning","event":"The `airflow.operators.bash.BashOperator` attribute is deprecated. Please use `'airflow.providers.standard.operators.bash.BashOperator'`.","category":"DeprecatedImportWarning","filename":"/opt/airflow/dags/file_sensor_example.py","lineno":4,"logger":"py.warnings"}
{"timestamp":"2025-11-20T05:48:30.435879Z","level":"info","event":"Task instance is in running state","logger":"task.stdout"}
{"timestamp":"2025-11-20T05:48:30.436447Z","level":"info","event":" Previous state of the Task instance: TaskInstanceState.QUEUED","logger":"task.stdout"}
{"timestamp":"2025-11-20T05:48:30.436886Z","level":"info","event":"Current task name:wait_for_file","logger":"task.stdout"}
{"timestamp":"2025-11-20T05:48:30.437194Z","level":"info","event":"Dag name:file_sensor_example","logger":"task.stdout"}
{"timestamp":"2025-11-20T05:48:30.453036Z","level":"info","event":"Poking for file /opt/airflow/dags/sample.txt","logger":"airflow.task.operators.airflow.providers.standard.sensors.filesystem.FileSensor","filename":"filesystem.py","lineno":125}
{"timestamp":"2025-11-20T05:48:30.453863Z","level":"info","event":"Rescheduling task, marking task as UP_FOR_RESCHEDULE","logger":"task","filename":"task_runner.py","lineno":961}
{"timestamp":"2025-11-20T05:48:41.303928Z","level":"info","event":"DAG bundles loaded: dags-folder, example_dags","logger":"airflow.dag_processing.bundles.manager.DagBundlesManager","filename":"manager.py","lineno":179}
{"timestamp":"2025-11-20T05:48:41.305419Z","level":"info","event":"Filling up the DagBag from /opt/airflow/dags/file_sensor_example.py","logger":"airflow.models.dagbag.DagBag","filename":"dagbag.py","lineno":593}
{"timestamp":"2025-11-20T05:48:41.326114Z","level":"warning","event":"The `airflow.sensors.filesystem.FileSensor` attribute is deprecated. Please use `'airflow.providers.standard.sensors.filesystem.FileSensor'`.","category":"DeprecatedImportWarning","filename":"/opt/airflow/dags/file_sensor_example.py","lineno":3,"logger":"py.warnings"}
{"timestamp":"2025-11-20T05:48:41.326270Z","level":"warning","event":"The `airflow.operators.bash.BashOperator` attribute is deprecated. Please use `'airflow.providers.standard.operators.bash.BashOperator'`.","category":"DeprecatedImportWarning","filename":"/opt/airflow/dags/file_sensor_example.py","lineno":4,"logger":"py.warnings"}
{"timestamp":"2025-11-20T05:48:41.344279Z","level":"info","event":"Task instance is in running state","logger":"task.stdout"}
{"timestamp":"2025-11-20T05:48:41.344815Z","level":"info","event":" Previous state of the Task instance: TaskInstanceState.QUEUED","logger":"task.stdout"}
{"timestamp":"2025-11-20T05:48:41.345057Z","level":"info","event":"Current task name:wait_for_file","logger":"task.stdout"}
{"timestamp":"2025-11-20T05:48:41.345209Z","level":"info","event":"Dag name:file_sensor_example","logger":"task.stdout"}
{"timestamp":"2025-11-20T05:48:41.359113Z","level":"info","event":"Poking for file /opt/airflow/dags/sample.txt","logger":"airflow.task.operators.airflow.providers.standard.sensors.filesystem.FileSensor","filename":"filesystem.py","lineno":125}
{"timestamp":"2025-11-20T05:48:41.359974Z","level":"info","event":"Rescheduling task, marking task as UP_FOR_RESCHEDULE","logger":"task","filename":"task_runner.py","lineno":961}
{"timestamp":"2025-11-20T05:48:53.003762Z","level":"info","event":"DAG bundles loaded: dags-folder, example_dags","logger":"airflow.dag_processing.bundles.manager.DagBundlesManager","filename":"manager.py","lineno":179}
{"timestamp":"2025-11-20T05:48:53.005798Z","level":"info","event":"Filling up the DagBag from /opt/airflow/dags/file_sensor_example.py","logger":"airflow.models.dagbag.DagBag","filename":"dagbag.py","lineno":593}
{"timestamp":"2025-11-20T05:48:53.033355Z","level":"warning","event":"The `airflow.sensors.filesystem.FileSensor` attribute is deprecated. Please use `'airflow.providers.standard.sensors.filesystem.FileSensor'`.","category":"DeprecatedImportWarning","filename":"/opt/airflow/dags/file_sensor_example.py","lineno":3,"logger":"py.warnings"}
{"timestamp":"2025-11-20T05:48:53.033660Z","level":"warning","event":"The `airflow.operators.bash.BashOperator` attribute is deprecated. Please use `'airflow.providers.standard.operators.bash.BashOperator'`.","category":"DeprecatedImportWarning","filename":"/opt/airflow/dags/file_sensor_example.py","lineno":4,"logger":"py.warnings"}
{"timestamp":"2025-11-20T05:48:53.056993Z","level":"info","event":"Task instance is in running state","logger":"task.stdout"}
{"timestamp":"2025-11-20T05:48:53.057841Z","level":"info","event":" Previous state of the Task instance: TaskInstanceState.QUEUED","logger":"task.stdout"}
{"timestamp":"2025-11-20T05:48:53.058270Z","level":"info","event":"Current task name:wait_for_file","logger":"task.stdout"}
{"timestamp":"2025-11-20T05:48:53.058717Z","level":"info","event":"Dag name:file_sensor_example","logger":"task.stdout"}
{"timestamp":"2025-11-20T05:48:53.079880Z","level":"info","event":"Poking for file /opt/airflow/dags/sample.txt","logger":"airflow.task.operators.airflow.providers.standard.sensors.filesystem.FileSensor","filename":"filesystem.py","lineno":125}
{"timestamp":"2025-11-20T05:48:53.080488Z","level":"info","event":"Rescheduling task, marking task as UP_FOR_RESCHEDULE","logger":"task","filename":"task_runner.py","lineno":961}
{"timestamp":"2025-11-20T05:49:03.868871Z","level":"info","event":"DAG bundles loaded: dags-folder, example_dags","logger":"airflow.dag_processing.bundles.manager.DagBundlesManager","filename":"manager.py","lineno":179}
{"timestamp":"2025-11-20T05:49:03.870731Z","level":"info","event":"Filling up the DagBag from /opt/airflow/dags/file_sensor_example.py","logger":"airflow.models.dagbag.DagBag","filename":"dagbag.py","lineno":593}
{"timestamp":"2025-11-20T05:49:03.892341Z","level":"warning","event":"The `airflow.sensors.filesystem.FileSensor` attribute is deprecated. Please use `'airflow.providers.standard.sensors.filesystem.FileSensor'`.","category":"DeprecatedImportWarning","filename":"/opt/airflow/dags/file_sensor_example.py","lineno":3,"logger":"py.warnings"}
{"timestamp":"2025-11-20T05:49:03.892507Z","level":"warning","event":"The `airflow.operators.bash.BashOperator` attribute is deprecated. Please use `'airflow.providers.standard.operators.bash.BashOperator'`.","category":"DeprecatedImportWarning","filename":"/opt/airflow/dags/file_sensor_example.py","lineno":4,"logger":"py.warnings"}
{"timestamp":"2025-11-20T05:49:03.908469Z","level":"info","event":"Task instance is in running state","logger":"task.stdout"}
{"timestamp":"2025-11-20T05:49:03.909330Z","level":"info","event":" Previous state of the Task instance: TaskInstanceState.QUEUED","logger":"task.stdout"}
{"timestamp":"2025-11-20T05:49:03.909737Z","level":"info","event":"Current task name:wait_for_file","logger":"task.stdout"}
{"timestamp":"2025-11-20T05:49:03.910021Z","level":"info","event":"Dag name:file_sensor_example","logger":"task.stdout"}
{"timestamp":"2025-11-20T05:49:03.925260Z","level":"info","event":"Poking for file /opt/airflow/dags/sample.txt","logger":"airflow.task.operators.airflow.providers.standard.sensors.filesystem.FileSensor","filename":"filesystem.py","lineno":125}
{"timestamp":"2025-11-20T05:49:03.926099Z","level":"info","event":"Rescheduling task, marking task as UP_FOR_RESCHEDULE","logger":"task","filename":"task_runner.py","lineno":961}
{"timestamp":"2025-11-20T05:49:15.217562Z","level":"info","event":"DAG bundles loaded: dags-folder, example_dags","logger":"airflow.dag_processing.bundles.manager.DagBundlesManager","filename":"manager.py","lineno":179}
{"timestamp":"2025-11-20T05:49:15.219054Z","level":"info","event":"Filling up the DagBag from /opt/airflow/dags/file_sensor_example.py","logger":"airflow.models.dagbag.DagBag","filename":"dagbag.py","lineno":593}
{"timestamp":"2025-11-20T05:49:15.248329Z","level":"warning","event":"The `airflow.sensors.filesystem.FileSensor` attribute is deprecated. Please use `'airflow.providers.standard.sensors.filesystem.FileSensor'`.","category":"DeprecatedImportWarning","filename":"/opt/airflow/dags/file_sensor_example.py","lineno":3,"logger":"py.warnings"}
{"timestamp":"2025-11-20T05:49:15.248616Z","level":"warning","event":"The `airflow.operators.bash.BashOperator` attribute is deprecated. Please use `'airflow.providers.standard.operators.bash.BashOperator'`.","category":"DeprecatedImportWarning","filename":"/opt/airflow/dags/file_sensor_example.py","lineno":4,"logger":"py.warnings"}
{"timestamp":"2025-11-20T05:49:15.294506Z","level":"info","event":"Task instance is in running state","logger":"task.stdout"}
{"timestamp":"2025-11-20T05:49:15.295348Z","level":"info","event":" Previous state of the Task instance: TaskInstanceState.QUEUED","logger":"task.stdout"}
{"timestamp":"2025-11-20T05:49:15.297085Z","level":"info","event":"Current task name:wait_for_file","logger":"task.stdout"}
{"timestamp":"2025-11-20T05:49:15.297630Z","level":"info","event":"Dag name:file_sensor_example","logger":"task.stdout"}
{"timestamp":"2025-11-20T05:49:15.318159Z","level":"info","event":"Poking for file /opt/airflow/dags/sample.txt","logger":"airflow.task.operators.airflow.providers.standard.sensors.filesystem.FileSensor","filename":"filesystem.py","lineno":125}
{"timestamp":"2025-11-20T05:49:15.319773Z","level":"info","event":"Rescheduling task, marking task as UP_FOR_RESCHEDULE","logger":"task","filename":"task_runner.py","lineno":961}
{"timestamp":"2025-11-20T05:49:26.405629Z","level":"info","event":"DAG bundles loaded: dags-folder, example_dags","logger":"airflow.dag_processing.bundles.manager.DagBundlesManager","filename":"manager.py","lineno":179}
{"timestamp":"2025-11-20T05:49:26.406506Z","level":"info","event":"Filling up the DagBag from /opt/airflow/dags/file_sensor_example.py","logger":"airflow.models.dagbag.DagBag","filename":"dagbag.py","lineno":593}
{"timestamp":"2025-11-20T05:49:26.422183Z","level":"warning","event":"The `airflow.sensors.filesystem.FileSensor` attribute is deprecated. Please use `'airflow.providers.standard.sensors.filesystem.FileSensor'`.","category":"DeprecatedImportWarning","filename":"/opt/airflow/dags/file_sensor_example.py","lineno":3,"logger":"py.warnings"}
{"timestamp":"2025-11-20T05:49:26.422287Z","level":"warning","event":"The `airflow.operators.bash.BashOperator` attribute is deprecated. Please use `'airflow.providers.standard.operators.bash.BashOperator'`.","category":"DeprecatedImportWarning","filename":"/opt/airflow/dags/file_sensor_example.py","lineno":4,"logger":"py.warnings"}
{"timestamp":"2025-11-20T05:49:26.444305Z","level":"info","event":"Task instance is in running state","logger":"task.stdout"}
{"timestamp":"2025-11-20T05:49:26.444768Z","level":"info","event":" Previous state of the Task instance: TaskInstanceState.QUEUED","logger":"task.stdout"}
{"timestamp":"2025-11-20T05:49:26.445070Z","level":"info","event":"Current task name:wait_for_file","logger":"task.stdout"}
{"timestamp":"2025-11-20T05:49:26.445249Z","level":"info","event":"Dag name:file_sensor_example","logger":"task.stdout"}
{"timestamp":"2025-11-20T05:49:26.459445Z","level":"info","event":"Poking for file /opt/airflow/dags/sample.txt","logger":"airflow.task.operators.airflow.providers.standard.sensors.filesystem.FileSensor","filename":"filesystem.py","lineno":125}
{"timestamp":"2025-11-20T05:49:26.460287Z","level":"info","event":"Rescheduling task, marking task as UP_FOR_RESCHEDULE","logger":"task","filename":"task_runner.py","lineno":961}
{"timestamp":"2025-11-20T05:49:37.284907Z","level":"info","event":"DAG bundles loaded: dags-folder, example_dags","logger":"airflow.dag_processing.bundles.manager.DagBundlesManager","filename":"manager.py","lineno":179}
{"timestamp":"2025-11-20T05:49:37.286502Z","level":"info","event":"Filling up the DagBag from /opt/airflow/dags/file_sensor_example.py","logger":"airflow.models.dagbag.DagBag","filename":"dagbag.py","lineno":593}
{"timestamp":"2025-11-20T05:49:37.300384Z","level":"warning","event":"The `airflow.sensors.filesystem.FileSensor` attribute is deprecated. Please use `'airflow.providers.standard.sensors.filesystem.FileSensor'`.","category":"DeprecatedImportWarning","filename":"/opt/airflow/dags/file_sensor_example.py","lineno":3,"logger":"py.warnings"}
{"timestamp":"2025-11-20T05:49:37.300479Z","level":"warning","event":"The `airflow.operators.bash.BashOperator` attribute is deprecated. Please use `'airflow.providers.standard.operators.bash.BashOperator'`.","category":"DeprecatedImportWarning","filename":"/opt/airflow/dags/file_sensor_example.py","lineno":4,"logger":"py.warnings"}
{"timestamp":"2025-11-20T05:49:37.313644Z","level":"info","event":"Task instance is in running state","logger":"task.stdout"}
{"timestamp":"2025-11-20T05:49:37.314121Z","level":"info","event":" Previous state of the Task instance: TaskInstanceState.QUEUED","logger":"task.stdout"}
{"timestamp":"2025-11-20T05:49:37.314340Z","level":"info","event":"Current task name:wait_for_file","logger":"task.stdout"}
{"timestamp":"2025-11-20T05:49:37.314526Z","level":"info","event":"Dag name:file_sensor_example","logger":"task.stdout"}
{"timestamp":"2025-11-20T05:49:37.326499Z","level":"info","event":"Poking for file /opt/airflow/dags/sample.txt","logger":"airflow.task.operators.airflow.providers.standard.sensors.filesystem.FileSensor","filename":"filesystem.py","lineno":125}
{"timestamp":"2025-11-20T05:49:37.327114Z","level":"info","event":"Rescheduling task, marking task as UP_FOR_RESCHEDULE","logger":"task","filename":"task_runner.py","lineno":961}
{"timestamp":"2025-11-20T05:49:48.072902Z","level":"info","event":"DAG bundles loaded: dags-folder, example_dags","logger":"airflow.dag_processing.bundles.manager.DagBundlesManager","filename":"manager.py","lineno":179}
{"timestamp":"2025-11-20T05:49:48.074134Z","level":"info","event":"Filling up the DagBag from /opt/airflow/dags/file_sensor_example.py","logger":"airflow.models.dagbag.DagBag","filename":"dagbag.py","lineno":593}
{"timestamp":"2025-11-20T05:49:48.090852Z","level":"warning","event":"The `airflow.sensors.filesystem.FileSensor` attribute is deprecated. Please use `'airflow.providers.standard.sensors.filesystem.FileSensor'`.","category":"DeprecatedImportWarning","filename":"/opt/airflow/dags/file_sensor_example.py","lineno":3,"logger":"py.warnings"}
{"timestamp":"2025-11-20T05:49:48.091209Z","level":"warning","event":"The `airflow.operators.bash.BashOperator` attribute is deprecated. Please use `'airflow.providers.standard.operators.bash.BashOperator'`.","category":"DeprecatedImportWarning","filename":"/opt/airflow/dags/file_sensor_example.py","lineno":4,"logger":"py.warnings"}
{"timestamp":"2025-11-20T05:49:48.108391Z","level":"info","event":"Task instance is in running state","logger":"task.stdout"}
{"timestamp":"2025-11-20T05:49:48.109054Z","level":"info","event":" Previous state of the Task instance: TaskInstanceState.QUEUED","logger":"task.stdout"}
{"timestamp":"2025-11-20T05:49:48.109445Z","level":"info","event":"Current task name:wait_for_file","logger":"task.stdout"}
{"timestamp":"2025-11-20T05:49:48.109802Z","level":"info","event":"Dag name:file_sensor_example","logger":"task.stdout"}
{"timestamp":"2025-11-20T05:49:48.124891Z","level":"info","event":"Poking for file /opt/airflow/dags/sample.txt","logger":"airflow.task.operators.airflow.providers.standard.sensors.filesystem.FileSensor","filename":"filesystem.py","lineno":125}
{"timestamp":"2025-11-20T05:49:48.125746Z","level":"info","event":"Rescheduling task, marking task as UP_FOR_RESCHEDULE","logger":"task","filename":"task_runner.py","lineno":961}
{"timestamp":"2025-11-20T05:49:58.494720Z","level":"info","event":"DAG bundles loaded: dags-folder, example_dags","logger":"airflow.dag_processing.bundles.manager.DagBundlesManager","filename":"manager.py","lineno":179}
{"timestamp":"2025-11-20T05:49:58.496074Z","level":"info","event":"Filling up the DagBag from /opt/airflow/dags/file_sensor_example.py","logger":"airflow.models.dagbag.DagBag","filename":"dagbag.py","lineno":593}
{"timestamp":"2025-11-20T05:49:58.509960Z","level":"warning","event":"The `airflow.sensors.filesystem.FileSensor` attribute is deprecated. Please use `'airflow.providers.standard.sensors.filesystem.FileSensor'`.","category":"DeprecatedImportWarning","filename":"/opt/airflow/dags/file_sensor_example.py","lineno":3,"logger":"py.warnings"}
{"timestamp":"2025-11-20T05:49:58.510103Z","level":"warning","event":"The `airflow.operators.bash.BashOperator` attribute is deprecated. Please use `'airflow.providers.standard.operators.bash.BashOperator'`.","category":"DeprecatedImportWarning","filename":"/opt/airflow/dags/file_sensor_example.py","lineno":4,"logger":"py.warnings"}
{"timestamp":"2025-11-20T05:49:58.522972Z","level":"info","event":"Task instance is in running state","logger":"task.stdout"}
{"timestamp":"2025-11-20T05:49:58.523426Z","level":"info","event":" Previous state of the Task instance: TaskInstanceState.QUEUED","logger":"task.stdout"}
{"timestamp":"2025-11-20T05:49:58.523693Z","level":"info","event":"Current task name:wait_for_file","logger":"task.stdout"}
{"timestamp":"2025-11-20T05:49:58.524100Z","level":"info","event":"Dag name:file_sensor_example","logger":"task.stdout"}
{"timestamp":"2025-11-20T05:49:58.536163Z","level":"info","event":"Poking for file /opt/airflow/dags/sample.txt","logger":"airflow.task.operators.airflow.providers.standard.sensors.filesystem.FileSensor","filename":"filesystem.py","lineno":125}
{"timestamp":"2025-11-20T05:49:58.536811Z","level":"info","event":"Rescheduling task, marking task as UP_FOR_RESCHEDULE","logger":"task","filename":"task_runner.py","lineno":961}
{"timestamp":"2025-11-20T05:50:09.590812Z","level":"info","event":"DAG bundles loaded: dags-folder, example_dags","logger":"airflow.dag_processing.bundles.manager.DagBundlesManager","filename":"manager.py","lineno":179}
{"timestamp":"2025-11-20T05:50:09.593112Z","level":"info","event":"Filling up the DagBag from /opt/airflow/dags/file_sensor_example.py","logger":"airflow.models.dagbag.DagBag","filename":"dagbag.py","lineno":593}
{"timestamp":"2025-11-20T05:50:09.620994Z","level":"warning","event":"The `airflow.sensors.filesystem.FileSensor` attribute is deprecated. Please use `'airflow.providers.standard.sensors.filesystem.FileSensor'`.","category":"DeprecatedImportWarning","filename":"/opt/airflow/dags/file_sensor_example.py","lineno":3,"logger":"py.warnings"}
{"timestamp":"2025-11-20T05:50:09.621396Z","level":"warning","event":"The `airflow.operators.bash.BashOperator` attribute is deprecated. Please use `'airflow.providers.standard.operators.bash.BashOperator'`.","category":"DeprecatedImportWarning","filename":"/opt/airflow/dags/file_sensor_example.py","lineno":4,"logger":"py.warnings"}
{"timestamp":"2025-11-20T05:50:09.646840Z","level":"info","event":"Task instance is in running state","logger":"task.stdout"}
{"timestamp":"2025-11-20T05:50:09.647458Z","level":"info","event":" Previous state of the Task instance: TaskInstanceState.QUEUED","logger":"task.stdout"}
{"timestamp":"2025-11-20T05:50:09.648101Z","level":"info","event":"Current task name:wait_for_file","logger":"task.stdout"}
{"timestamp":"2025-11-20T05:50:09.648597Z","level":"info","event":"Dag name:file_sensor_example","logger":"task.stdout"}
{"timestamp":"2025-11-20T05:50:09.665631Z","level":"info","event":"Poking for file /opt/airflow/dags/sample.txt","logger":"airflow.task.operators.airflow.providers.standard.sensors.filesystem.FileSensor","filename":"filesystem.py","lineno":125}
{"timestamp":"2025-11-20T05:50:09.666470Z","level":"info","event":"Rescheduling task, marking task as UP_FOR_RESCHEDULE","logger":"task","filename":"task_runner.py","lineno":961}
{"timestamp":"2025-11-20T05:50:20.391190Z","level":"info","event":"DAG bundles loaded: dags-folder, example_dags","logger":"airflow.dag_processing.bundles.manager.DagBundlesManager","filename":"manager.py","lineno":179}
{"timestamp":"2025-11-20T05:50:20.392289Z","level":"info","event":"Filling up the DagBag from /opt/airflow/dags/file_sensor_example.py","logger":"airflow.models.dagbag.DagBag","filename":"dagbag.py","lineno":593}
{"timestamp":"2025-11-20T05:50:20.407983Z","level":"warning","event":"The `airflow.sensors.filesystem.FileSensor` attribute is deprecated. Please use `'airflow.providers.standard.sensors.filesystem.FileSensor'`.","category":"DeprecatedImportWarning","filename":"/opt/airflow/dags/file_sensor_example.py","lineno":3,"logger":"py.warnings"}
{"timestamp":"2025-11-20T05:50:20.408088Z","level":"warning","event":"The `airflow.operators.bash.BashOperator` attribute is deprecated. Please use `'airflow.providers.standard.operators.bash.BashOperator'`.","category":"DeprecatedImportWarning","filename":"/opt/airflow/dags/file_sensor_example.py","lineno":4,"logger":"py.warnings"}
{"timestamp":"2025-11-20T05:50:20.424312Z","level":"info","event":"Task instance is in running state","logger":"task.stdout"}
{"timestamp":"2025-11-20T05:50:20.425096Z","level":"info","event":" Previous state of the Task instance: TaskInstanceState.QUEUED","logger":"task.stdout"}
{"timestamp":"2025-11-20T05:50:20.425617Z","level":"info","event":"Current task name:wait_for_file","logger":"task.stdout"}
{"timestamp":"2025-11-20T05:50:20.426122Z","level":"info","event":"Dag name:file_sensor_example","logger":"task.stdout"}
{"timestamp":"2025-11-20T05:50:20.440087Z","level":"info","event":"Poking for file /opt/airflow/dags/sample.txt","logger":"airflow.task.operators.airflow.providers.standard.sensors.filesystem.FileSensor","filename":"filesystem.py","lineno":125}
{"timestamp":"2025-11-20T05:50:20.441123Z","level":"info","event":"Rescheduling task, marking task as UP_FOR_RESCHEDULE","logger":"task","filename":"task_runner.py","lineno":961}
{"timestamp":"2025-11-20T05:50:31.781369Z","level":"info","event":"DAG bundles loaded: dags-folder, example_dags","logger":"airflow.dag_processing.bundles.manager.DagBundlesManager","filename":"manager.py","lineno":179}
{"timestamp":"2025-11-20T05:50:31.782606Z","level":"info","event":"Filling up the DagBag from /opt/airflow/dags/file_sensor_example.py","logger":"airflow.models.dagbag.DagBag","filename":"dagbag.py","lineno":593}
{"timestamp":"2025-11-20T05:50:31.800781Z","level":"warning","event":"The `airflow.sensors.filesystem.FileSensor` attribute is deprecated. Please use `'airflow.providers.standard.sensors.filesystem.FileSensor'`.","category":"DeprecatedImportWarning","filename":"/opt/airflow/dags/file_sensor_example.py","lineno":3,"logger":"py.warnings"}
{"timestamp":"2025-11-20T05:50:31.800940Z","level":"warning","event":"The `airflow.operators.bash.BashOperator` attribute is deprecated. Please use `'airflow.providers.standard.operators.bash.BashOperator'`.","category":"DeprecatedImportWarning","filename":"/opt/airflow/dags/file_sensor_example.py","lineno":4,"logger":"py.warnings"}
{"timestamp":"2025-11-20T05:50:31.817797Z","level":"info","event":"Task instance is in running state","logger":"task.stdout"}
{"timestamp":"2025-11-20T05:50:31.818425Z","level":"info","event":" Previous state of the Task instance: TaskInstanceState.QUEUED","logger":"task.stdout"}
{"timestamp":"2025-11-20T05:50:31.818860Z","level":"info","event":"Current task name:wait_for_file","logger":"task.stdout"}
{"timestamp":"2025-11-20T05:50:31.819236Z","level":"info","event":"Dag name:file_sensor_example","logger":"task.stdout"}
{"timestamp":"2025-11-20T05:50:31.837450Z","level":"info","event":"Poking for file /opt/airflow/dags/sample.txt","logger":"airflow.task.operators.airflow.providers.standard.sensors.filesystem.FileSensor","filename":"filesystem.py","lineno":125}
{"timestamp":"2025-11-20T05:50:31.838269Z","level":"info","event":"Rescheduling task, marking task as UP_FOR_RESCHEDULE","logger":"task","filename":"task_runner.py","lineno":961}
{"timestamp":"2025-11-20T05:50:43.175890Z","level":"info","event":"DAG bundles loaded: dags-folder, example_dags","logger":"airflow.dag_processing.bundles.manager.DagBundlesManager","filename":"manager.py","lineno":179}
{"timestamp":"2025-11-20T05:50:43.177540Z","level":"info","event":"Filling up the DagBag from /opt/airflow/dags/file_sensor_example.py","logger":"airflow.models.dagbag.DagBag","filename":"dagbag.py","lineno":593}
{"timestamp":"2025-11-20T05:50:43.201819Z","level":"warning","event":"The `airflow.sensors.filesystem.FileSensor` attribute is deprecated. Please use `'airflow.providers.standard.sensors.filesystem.FileSensor'`.","category":"DeprecatedImportWarning","filename":"/opt/airflow/dags/file_sensor_example.py","lineno":3,"logger":"py.warnings"}
{"timestamp":"2025-11-20T05:50:43.202033Z","level":"warning","event":"The `airflow.operators.bash.BashOperator` attribute is deprecated. Please use `'airflow.providers.standard.operators.bash.BashOperator'`.","category":"DeprecatedImportWarning","filename":"/opt/airflow/dags/file_sensor_example.py","lineno":4,"logger":"py.warnings"}
{"timestamp":"2025-11-20T05:50:43.223680Z","level":"info","event":"Task instance is in running state","logger":"task.stdout"}
{"timestamp":"2025-11-20T05:50:43.224250Z","level":"info","event":" Previous state of the Task instance: TaskInstanceState.QUEUED","logger":"task.stdout"}
{"timestamp":"2025-11-20T05:50:43.224624Z","level":"info","event":"Current task name:wait_for_file","logger":"task.stdout"}
{"timestamp":"2025-11-20T05:50:43.224827Z","level":"info","event":"Dag name:file_sensor_example","logger":"task.stdout"}
{"timestamp":"2025-11-20T05:50:43.243201Z","level":"info","event":"Poking for file /opt/airflow/dags/sample.txt","logger":"airflow.task.operators.airflow.providers.standard.sensors.filesystem.FileSensor","filename":"filesystem.py","lineno":125}
{"timestamp":"2025-11-20T05:50:43.244036Z","level":"info","event":"Rescheduling task, marking task as UP_FOR_RESCHEDULE","logger":"task","filename":"task_runner.py","lineno":961}
{"timestamp":"2025-11-20T05:50:54.254908Z","level":"info","event":"DAG bundles loaded: dags-folder, example_dags","logger":"airflow.dag_processing.bundles.manager.DagBundlesManager","filename":"manager.py","lineno":179}
{"timestamp":"2025-11-20T05:50:54.256080Z","level":"info","event":"Filling up the DagBag from /opt/airflow/dags/file_sensor_example.py","logger":"airflow.models.dagbag.DagBag","filename":"dagbag.py","lineno":593}
{"timestamp":"2025-11-20T05:50:54.276659Z","level":"warning","event":"The `airflow.sensors.filesystem.FileSensor` attribute is deprecated. Please use `'airflow.providers.standard.sensors.filesystem.FileSensor'`.","category":"DeprecatedImportWarning","filename":"/opt/airflow/dags/file_sensor_example.py","lineno":3,"logger":"py.warnings"}
{"timestamp":"2025-11-20T05:50:54.276802Z","level":"warning","event":"The `airflow.operators.bash.BashOperator` attribute is deprecated. Please use `'airflow.providers.standard.operators.bash.BashOperator'`.","category":"DeprecatedImportWarning","filename":"/opt/airflow/dags/file_sensor_example.py","lineno":4,"logger":"py.warnings"}
{"timestamp":"2025-11-20T05:50:54.295014Z","level":"info","event":"Task instance is in running state","logger":"task.stdout"}
{"timestamp":"2025-11-20T05:50:54.295642Z","level":"info","event":" Previous state of the Task instance: TaskInstanceState.QUEUED","logger":"task.stdout"}
{"timestamp":"2025-11-20T05:50:54.296471Z","level":"info","event":"Current task name:wait_for_file","logger":"task.stdout"}
{"timestamp":"2025-11-20T05:50:54.296809Z","level":"info","event":"Dag name:file_sensor_example","logger":"task.stdout"}
{"timestamp":"2025-11-20T05:50:54.312461Z","level":"info","event":"Poking for file /opt/airflow/dags/sample.txt","logger":"airflow.task.operators.airflow.providers.standard.sensors.filesystem.FileSensor","filename":"filesystem.py","lineno":125}
{"timestamp":"2025-11-20T05:50:54.313264Z","level":"info","event":"Rescheduling task, marking task as UP_FOR_RESCHEDULE","logger":"task","filename":"task_runner.py","lineno":961}
{"timestamp":"2025-11-20T05:51:04.951535Z","level":"info","event":"DAG bundles loaded: dags-folder, example_dags","logger":"airflow.dag_processing.bundles.manager.DagBundlesManager","filename":"manager.py","lineno":179}
{"timestamp":"2025-11-20T05:51:04.952832Z","level":"info","event":"Filling up the DagBag from /opt/airflow/dags/file_sensor_example.py","logger":"airflow.models.dagbag.DagBag","filename":"dagbag.py","lineno":593}
{"timestamp":"2025-11-20T05:51:04.969278Z","level":"warning","event":"The `airflow.sensors.filesystem.FileSensor` attribute is deprecated. Please use `'airflow.providers.standard.sensors.filesystem.FileSensor'`.","category":"DeprecatedImportWarning","filename":"/opt/airflow/dags/file_sensor_example.py","lineno":3,"logger":"py.warnings"}
{"timestamp":"2025-11-20T05:51:04.969500Z","level":"warning","event":"The `airflow.operators.bash.BashOperator` attribute is deprecated. Please use `'airflow.providers.standard.operators.bash.BashOperator'`.","category":"DeprecatedImportWarning","filename":"/opt/airflow/dags/file_sensor_example.py","lineno":4,"logger":"py.warnings"}
{"timestamp":"2025-11-20T05:51:04.984640Z","level":"info","event":"Task instance is in running state","logger":"task.stdout"}
{"timestamp":"2025-11-20T05:51:04.985246Z","level":"info","event":" Previous state of the Task instance: TaskInstanceState.QUEUED","logger":"task.stdout"}
{"timestamp":"2025-11-20T05:51:04.985576Z","level":"info","event":"Current task name:wait_for_file","logger":"task.stdout"}
{"timestamp":"2025-11-20T05:51:04.985810Z","level":"info","event":"Dag name:file_sensor_example","logger":"task.stdout"}
{"timestamp":"2025-11-20T05:51:05.000197Z","level":"info","event":"Poking for file /opt/airflow/dags/sample.txt","logger":"airflow.task.operators.airflow.providers.standard.sensors.filesystem.FileSensor","filename":"filesystem.py","lineno":125}
{"timestamp":"2025-11-20T05:51:05.000972Z","level":"info","event":"Rescheduling task, marking task as UP_FOR_RESCHEDULE","logger":"task","filename":"task_runner.py","lineno":961}
{"timestamp":"2025-11-20T05:51:15.473715Z","level":"info","event":"DAG bundles loaded: dags-folder, example_dags","logger":"airflow.dag_processing.bundles.manager.DagBundlesManager","filename":"manager.py","lineno":179}
{"timestamp":"2025-11-20T05:51:15.475173Z","level":"info","event":"Filling up the DagBag from /opt/airflow/dags/file_sensor_example.py","logger":"airflow.models.dagbag.DagBag","filename":"dagbag.py","lineno":593}
{"timestamp":"2025-11-20T05:51:15.495685Z","level":"warning","event":"The `airflow.sensors.filesystem.FileSensor` attribute is deprecated. Please use `'airflow.providers.standard.sensors.filesystem.FileSensor'`.","category":"DeprecatedImportWarning","filename":"/opt/airflow/dags/file_sensor_example.py","lineno":3,"logger":"py.warnings"}
{"timestamp":"2025-11-20T05:51:15.495850Z","level":"warning","event":"The `airflow.operators.bash.BashOperator` attribute is deprecated. Please use `'airflow.providers.standard.operators.bash.BashOperator'`.","category":"DeprecatedImportWarning","filename":"/opt/airflow/dags/file_sensor_example.py","lineno":4,"logger":"py.warnings"}
{"timestamp":"2025-11-20T05:51:15.515426Z","level":"info","event":"Task instance is in running state","logger":"task.stdout"}
{"timestamp":"2025-11-20T05:51:15.515991Z","level":"info","event":" Previous state of the Task instance: TaskInstanceState.QUEUED","logger":"task.stdout"}
{"timestamp":"2025-11-20T05:51:15.516257Z","level":"info","event":"Current task name:wait_for_file","logger":"task.stdout"}
{"timestamp":"2025-11-20T05:51:15.516491Z","level":"info","event":"Dag name:file_sensor_example","logger":"task.stdout"}
{"timestamp":"2025-11-20T05:51:15.541469Z","level":"info","event":"Poking for file /opt/airflow/dags/sample.txt","logger":"airflow.task.operators.airflow.providers.standard.sensors.filesystem.FileSensor","filename":"filesystem.py","lineno":125}
{"timestamp":"2025-11-20T05:51:15.542667Z","level":"info","event":"Rescheduling task, marking task as UP_FOR_RESCHEDULE","logger":"task","filename":"task_runner.py","lineno":961}
{"timestamp":"2025-11-20T05:51:26.770468Z","level":"info","event":"DAG bundles loaded: dags-folder, example_dags","logger":"airflow.dag_processing.bundles.manager.DagBundlesManager","filename":"manager.py","lineno":179}
{"timestamp":"2025-11-20T05:51:26.772364Z","level":"info","event":"Filling up the DagBag from /opt/airflow/dags/file_sensor_example.py","logger":"airflow.models.dagbag.DagBag","filename":"dagbag.py","lineno":593}
{"timestamp":"2025-11-20T05:51:26.795112Z","level":"warning","event":"The `airflow.sensors.filesystem.FileSensor` attribute is deprecated. Please use `'airflow.providers.standard.sensors.filesystem.FileSensor'`.","category":"DeprecatedImportWarning","filename":"/opt/airflow/dags/file_sensor_example.py","lineno":3,"logger":"py.warnings"}
{"timestamp":"2025-11-20T05:51:26.795265Z","level":"warning","event":"The `airflow.operators.bash.BashOperator` attribute is deprecated. Please use `'airflow.providers.standard.operators.bash.BashOperator'`.","category":"DeprecatedImportWarning","filename":"/opt/airflow/dags/file_sensor_example.py","lineno":4,"logger":"py.warnings"}
{"timestamp":"2025-11-20T05:51:26.813595Z","level":"info","event":"Task instance is in running state","logger":"task.stdout"}
{"timestamp":"2025-11-20T05:51:26.814262Z","level":"info","event":" Previous state of the Task instance: TaskInstanceState.QUEUED","logger":"task.stdout"}
{"timestamp":"2025-11-20T05:51:26.814756Z","level":"info","event":"Current task name:wait_for_file","logger":"task.stdout"}
{"timestamp":"2025-11-20T05:51:26.815212Z","level":"info","event":"Dag name:file_sensor_example","logger":"task.stdout"}
{"timestamp":"2025-11-20T05:51:26.830691Z","level":"info","event":"Poking for file /opt/airflow/dags/sample.txt","logger":"airflow.task.operators.airflow.providers.standard.sensors.filesystem.FileSensor","filename":"filesystem.py","lineno":125}
{"timestamp":"2025-11-20T05:51:26.831670Z","level":"info","event":"Rescheduling task, marking task as UP_FOR_RESCHEDULE","logger":"task","filename":"task_runner.py","lineno":961}
{"timestamp":"2025-11-20T05:51:37.498805Z","level":"info","event":"DAG bundles loaded: dags-folder, example_dags","logger":"airflow.dag_processing.bundles.manager.DagBundlesManager","filename":"manager.py","lineno":179}
{"timestamp":"2025-11-20T05:51:37.500440Z","level":"info","event":"Filling up the DagBag from /opt/airflow/dags/file_sensor_example.py","logger":"airflow.models.dagbag.DagBag","filename":"dagbag.py","lineno":593}
{"timestamp":"2025-11-20T05:51:37.519365Z","level":"warning","event":"The `airflow.sensors.filesystem.FileSensor` attribute is deprecated. Please use `'airflow.providers.standard.sensors.filesystem.FileSensor'`.","category":"DeprecatedImportWarning","filename":"/opt/airflow/dags/file_sensor_example.py","lineno":3,"logger":"py.warnings"}
{"timestamp":"2025-11-20T05:51:37.519503Z","level":"warning","event":"The `airflow.operators.bash.BashOperator` attribute is deprecated. Please use `'airflow.providers.standard.operators.bash.BashOperator'`.","category":"DeprecatedImportWarning","filename":"/opt/airflow/dags/file_sensor_example.py","lineno":4,"logger":"py.warnings"}
{"timestamp":"2025-11-20T05:51:37.534461Z","level":"info","event":"Task instance is in running state","logger":"task.stdout"}
{"timestamp":"2025-11-20T05:51:37.534901Z","level":"info","event":" Previous state of the Task instance: TaskInstanceState.QUEUED","logger":"task.stdout"}
{"timestamp":"2025-11-20T05:51:37.535172Z","level":"info","event":"Current task name:wait_for_file","logger":"task.stdout"}
{"timestamp":"2025-11-20T05:51:37.535331Z","level":"info","event":"Dag name:file_sensor_example","logger":"task.stdout"}
{"timestamp":"2025-11-20T05:51:37.549262Z","level":"info","event":"Poking for file /opt/airflow/dags/sample.txt","logger":"airflow.task.operators.airflow.providers.standard.sensors.filesystem.FileSensor","filename":"filesystem.py","lineno":125}
{"timestamp":"2025-11-20T05:51:37.550004Z","level":"info","event":"Rescheduling task, marking task as UP_FOR_RESCHEDULE","logger":"task","filename":"task_runner.py","lineno":961}
{"timestamp":"2025-11-20T05:51:48.614807Z","level":"info","event":"DAG bundles loaded: dags-folder, example_dags","logger":"airflow.dag_processing.bundles.manager.DagBundlesManager","filename":"manager.py","lineno":179}
{"timestamp":"2025-11-20T05:51:48.616097Z","level":"info","event":"Filling up the DagBag from /opt/airflow/dags/file_sensor_example.py","logger":"airflow.models.dagbag.DagBag","filename":"dagbag.py","lineno":593}
{"timestamp":"2025-11-20T05:51:48.634362Z","level":"warning","event":"The `airflow.sensors.filesystem.FileSensor` attribute is deprecated. Please use `'airflow.providers.standard.sensors.filesystem.FileSensor'`.","category":"DeprecatedImportWarning","filename":"/opt/airflow/dags/file_sensor_example.py","lineno":3,"logger":"py.warnings"}
{"timestamp":"2025-11-20T05:51:48.634530Z","level":"warning","event":"The `airflow.operators.bash.BashOperator` attribute is deprecated. Please use `'airflow.providers.standard.operators.bash.BashOperator'`.","category":"DeprecatedImportWarning","filename":"/opt/airflow/dags/file_sensor_example.py","lineno":4,"logger":"py.warnings"}
{"timestamp":"2025-11-20T05:51:48.649628Z","level":"info","event":"Task instance is in running state","logger":"task.stdout"}
{"timestamp":"2025-11-20T05:51:48.650041Z","level":"info","event":" Previous state of the Task instance: TaskInstanceState.QUEUED","logger":"task.stdout"}
{"timestamp":"2025-11-20T05:51:48.650331Z","level":"info","event":"Current task name:wait_for_file","logger":"task.stdout"}
{"timestamp":"2025-11-20T05:51:48.650575Z","level":"info","event":"Dag name:file_sensor_example","logger":"task.stdout"}
{"timestamp":"2025-11-20T05:51:48.666147Z","level":"info","event":"Poking for file /opt/airflow/dags/sample.txt","logger":"airflow.task.operators.airflow.providers.standard.sensors.filesystem.FileSensor","filename":"filesystem.py","lineno":125}
{"timestamp":"2025-11-20T05:51:48.666837Z","level":"info","event":"Rescheduling task, marking task as UP_FOR_RESCHEDULE","logger":"task","filename":"task_runner.py","lineno":961}
{"timestamp":"2025-11-20T05:51:59.998119Z","level":"info","event":"DAG bundles loaded: dags-folder, example_dags","logger":"airflow.dag_processing.bundles.manager.DagBundlesManager","filename":"manager.py","lineno":179}
{"timestamp":"2025-11-20T05:51:59.999667Z","level":"info","event":"Filling up the DagBag from /opt/airflow/dags/file_sensor_example.py","logger":"airflow.models.dagbag.DagBag","filename":"dagbag.py","lineno":593}
{"timestamp":"2025-11-20T05:52:00.029578Z","level":"warning","event":"The `airflow.sensors.filesystem.FileSensor` attribute is deprecated. Please use `'airflow.providers.standard.sensors.filesystem.FileSensor'`.","category":"DeprecatedImportWarning","filename":"/opt/airflow/dags/file_sensor_example.py","lineno":3,"logger":"py.warnings"}
{"timestamp":"2025-11-20T05:52:00.029757Z","level":"warning","event":"The `airflow.operators.bash.BashOperator` attribute is deprecated. Please use `'airflow.providers.standard.operators.bash.BashOperator'`.","category":"DeprecatedImportWarning","filename":"/opt/airflow/dags/file_sensor_example.py","lineno":4,"logger":"py.warnings"}
{"timestamp":"2025-11-20T05:52:00.052788Z","level":"info","event":"Task instance is in running state","logger":"task.stdout"}
{"timestamp":"2025-11-20T05:52:00.053530Z","level":"info","event":" Previous state of the Task instance: TaskInstanceState.QUEUED","logger":"task.stdout"}
{"timestamp":"2025-11-20T05:52:00.054417Z","level":"info","event":"Current task name:wait_for_file","logger":"task.stdout"}
{"timestamp":"2025-11-20T05:52:00.055001Z","level":"info","event":"Dag name:file_sensor_example","logger":"task.stdout"}
{"timestamp":"2025-11-20T05:52:00.078615Z","level":"info","event":"Poking for file /opt/airflow/dags/sample.txt","logger":"airflow.task.operators.airflow.providers.standard.sensors.filesystem.FileSensor","filename":"filesystem.py","lineno":125}
{"timestamp":"2025-11-20T05:52:00.079603Z","level":"info","event":"Rescheduling task, marking task as UP_FOR_RESCHEDULE","logger":"task","filename":"task_runner.py","lineno":961}
{"timestamp":"2025-11-20T05:52:10.835162Z","level":"info","event":"DAG bundles loaded: dags-folder, example_dags","logger":"airflow.dag_processing.bundles.manager.DagBundlesManager","filename":"manager.py","lineno":179}
{"timestamp":"2025-11-20T05:52:10.836138Z","level":"info","event":"Filling up the DagBag from /opt/airflow/dags/file_sensor_example.py","logger":"airflow.models.dagbag.DagBag","filename":"dagbag.py","lineno":593}
{"timestamp":"2025-11-20T05:52:10.849488Z","level":"warning","event":"The `airflow.sensors.filesystem.FileSensor` attribute is deprecated. Please use `'airflow.providers.standard.sensors.filesystem.FileSensor'`.","category":"DeprecatedImportWarning","filename":"/opt/airflow/dags/file_sensor_example.py","lineno":3,"logger":"py.warnings"}
{"timestamp":"2025-11-20T05:52:10.849624Z","level":"warning","event":"The `airflow.operators.bash.BashOperator` attribute is deprecated. Please use `'airflow.providers.standard.operators.bash.BashOperator'`.","category":"DeprecatedImportWarning","filename":"/opt/airflow/dags/file_sensor_example.py","lineno":4,"logger":"py.warnings"}
{"timestamp":"2025-11-20T05:52:10.863681Z","level":"info","event":"Task instance is in running state","logger":"task.stdout"}
{"timestamp":"2025-11-20T05:52:10.864229Z","level":"info","event":" Previous state of the Task instance: TaskInstanceState.QUEUED","logger":"task.stdout"}
{"timestamp":"2025-11-20T05:52:10.864527Z","level":"info","event":"Current task name:wait_for_file","logger":"task.stdout"}
{"timestamp":"2025-11-20T05:52:10.864744Z","level":"info","event":"Dag name:file_sensor_example","logger":"task.stdout"}
{"timestamp":"2025-11-20T05:52:10.877963Z","level":"info","event":"Poking for file /opt/airflow/dags/sample.txt","logger":"airflow.task.operators.airflow.providers.standard.sensors.filesystem.FileSensor","filename":"filesystem.py","lineno":125}
{"timestamp":"2025-11-20T05:52:10.878979Z","level":"info","event":"Rescheduling task, marking task as UP_FOR_RESCHEDULE","logger":"task","filename":"task_runner.py","lineno":961}
{"timestamp":"2025-11-20T05:52:22.083618Z","level":"info","event":"DAG bundles loaded: dags-folder, example_dags","logger":"airflow.dag_processing.bundles.manager.DagBundlesManager","filename":"manager.py","lineno":179}
{"timestamp":"2025-11-20T05:52:22.085072Z","level":"info","event":"Filling up the DagBag from /opt/airflow/dags/file_sensor_example.py","logger":"airflow.models.dagbag.DagBag","filename":"dagbag.py","lineno":593}
{"timestamp":"2025-11-20T05:52:22.110276Z","level":"warning","event":"The `airflow.sensors.filesystem.FileSensor` attribute is deprecated. Please use `'airflow.providers.standard.sensors.filesystem.FileSensor'`.","category":"DeprecatedImportWarning","filename":"/opt/airflow/dags/file_sensor_example.py","lineno":3,"logger":"py.warnings"}
{"timestamp":"2025-11-20T05:52:22.110448Z","level":"warning","event":"The `airflow.operators.bash.BashOperator` attribute is deprecated. Please use `'airflow.providers.standard.operators.bash.BashOperator'`.","category":"DeprecatedImportWarning","filename":"/opt/airflow/dags/file_sensor_example.py","lineno":4,"logger":"py.warnings"}
{"timestamp":"2025-11-20T05:52:22.127282Z","level":"info","event":"Task instance is in running state","logger":"task.stdout"}
{"timestamp":"2025-11-20T05:52:22.127872Z","level":"info","event":" Previous state of the Task instance: TaskInstanceState.QUEUED","logger":"task.stdout"}
{"timestamp":"2025-11-20T05:52:22.128507Z","level":"info","event":"Current task name:wait_for_file","logger":"task.stdout"}
{"timestamp":"2025-11-20T05:52:22.128971Z","level":"info","event":"Dag name:file_sensor_example","logger":"task.stdout"}
{"timestamp":"2025-11-20T05:52:22.152871Z","level":"info","event":"Poking for file /opt/airflow/dags/sample.txt","logger":"airflow.task.operators.airflow.providers.standard.sensors.filesystem.FileSensor","filename":"filesystem.py","lineno":125}
{"timestamp":"2025-11-20T05:52:22.154189Z","level":"info","event":"Rescheduling task, marking task as UP_FOR_RESCHEDULE","logger":"task","filename":"task_runner.py","lineno":961}
{"timestamp":"2025-11-20T05:52:32.557723Z","level":"info","event":"DAG bundles loaded: dags-folder, example_dags","logger":"airflow.dag_processing.bundles.manager.DagBundlesManager","filename":"manager.py","lineno":179}
{"timestamp":"2025-11-20T05:52:32.559047Z","level":"info","event":"Filling up the DagBag from /opt/airflow/dags/file_sensor_example.py","logger":"airflow.models.dagbag.DagBag","filename":"dagbag.py","lineno":593}
{"timestamp":"2025-11-20T05:52:32.575624Z","level":"warning","event":"The `airflow.sensors.filesystem.FileSensor` attribute is deprecated. Please use `'airflow.providers.standard.sensors.filesystem.FileSensor'`.","category":"DeprecatedImportWarning","filename":"/opt/airflow/dags/file_sensor_example.py","lineno":3,"logger":"py.warnings"}
{"timestamp":"2025-11-20T05:52:32.575767Z","level":"warning","event":"The `airflow.operators.bash.BashOperator` attribute is deprecated. Please use `'airflow.providers.standard.operators.bash.BashOperator'`.","category":"DeprecatedImportWarning","filename":"/opt/airflow/dags/file_sensor_example.py","lineno":4,"logger":"py.warnings"}
{"timestamp":"2025-11-20T05:52:32.590940Z","level":"info","event":"Task instance is in running state","logger":"task.stdout"}
{"timestamp":"2025-11-20T05:52:32.591339Z","level":"info","event":" Previous state of the Task instance: TaskInstanceState.QUEUED","logger":"task.stdout"}
{"timestamp":"2025-11-20T05:52:32.591587Z","level":"info","event":"Current task name:wait_for_file","logger":"task.stdout"}
{"timestamp":"2025-11-20T05:52:32.591768Z","level":"info","event":"Dag name:file_sensor_example","logger":"task.stdout"}
{"timestamp":"2025-11-20T05:52:32.605243Z","level":"info","event":"Poking for file /opt/airflow/dags/sample.txt","logger":"airflow.task.operators.airflow.providers.standard.sensors.filesystem.FileSensor","filename":"filesystem.py","lineno":125}
{"timestamp":"2025-11-20T05:52:32.605867Z","level":"info","event":"Rescheduling task, marking task as UP_FOR_RESCHEDULE","logger":"task","filename":"task_runner.py","lineno":961}
{"timestamp":"2025-11-20T05:52:43.687689Z","level":"info","event":"DAG bundles loaded: dags-folder, example_dags","logger":"airflow.dag_processing.bundles.manager.DagBundlesManager","filename":"manager.py","lineno":179}
{"timestamp":"2025-11-20T05:52:43.688873Z","level":"info","event":"Filling up the DagBag from /opt/airflow/dags/file_sensor_example.py","logger":"airflow.models.dagbag.DagBag","filename":"dagbag.py","lineno":593}
{"timestamp":"2025-11-20T05:52:43.707803Z","level":"warning","event":"The `airflow.sensors.filesystem.FileSensor` attribute is deprecated. Please use `'airflow.providers.standard.sensors.filesystem.FileSensor'`.","category":"DeprecatedImportWarning","filename":"/opt/airflow/dags/file_sensor_example.py","lineno":3,"logger":"py.warnings"}
{"timestamp":"2025-11-20T05:52:43.707962Z","level":"warning","event":"The `airflow.operators.bash.BashOperator` attribute is deprecated. Please use `'airflow.providers.standard.operators.bash.BashOperator'`.","category":"DeprecatedImportWarning","filename":"/opt/airflow/dags/file_sensor_example.py","lineno":4,"logger":"py.warnings"}
{"timestamp":"2025-11-20T05:52:43.726838Z","level":"info","event":"Task instance is in running state","logger":"task.stdout"}
{"timestamp":"2025-11-20T05:52:43.727416Z","level":"info","event":" Previous state of the Task instance: TaskInstanceState.QUEUED","logger":"task.stdout"}
{"timestamp":"2025-11-20T05:52:43.727824Z","level":"info","event":"Current task name:wait_for_file","logger":"task.stdout"}
{"timestamp":"2025-11-20T05:52:43.728318Z","level":"info","event":"Dag name:file_sensor_example","logger":"task.stdout"}
{"timestamp":"2025-11-20T05:52:43.745473Z","level":"info","event":"Poking for file /opt/airflow/dags/sample.txt","logger":"airflow.task.operators.airflow.providers.standard.sensors.filesystem.FileSensor","filename":"filesystem.py","lineno":125}
{"timestamp":"2025-11-20T05:52:43.746456Z","level":"info","event":"Rescheduling task, marking task as UP_FOR_RESCHEDULE","logger":"task","filename":"task_runner.py","lineno":961}
{"timestamp":"2025-11-20T05:52:54.251204Z","level":"info","event":"DAG bundles loaded: dags-folder, example_dags","logger":"airflow.dag_processing.bundles.manager.DagBundlesManager","filename":"manager.py","lineno":179}
{"timestamp":"2025-11-20T05:52:54.252688Z","level":"info","event":"Filling up the DagBag from /opt/airflow/dags/file_sensor_example.py","logger":"airflow.models.dagbag.DagBag","filename":"dagbag.py","lineno":593}
{"timestamp":"2025-11-20T05:52:54.273716Z","level":"warning","event":"The `airflow.sensors.filesystem.FileSensor` attribute is deprecated. Please use `'airflow.providers.standard.sensors.filesystem.FileSensor'`.","category":"DeprecatedImportWarning","filename":"/opt/airflow/dags/file_sensor_example.py","lineno":3,"logger":"py.warnings"}
{"timestamp":"2025-11-20T05:52:54.273874Z","level":"warning","event":"The `airflow.operators.bash.BashOperator` attribute is deprecated. Please use `'airflow.providers.standard.operators.bash.BashOperator'`.","category":"DeprecatedImportWarning","filename":"/opt/airflow/dags/file_sensor_example.py","lineno":4,"logger":"py.warnings"}
{"timestamp":"2025-11-20T05:52:54.288809Z","level":"info","event":"Task instance is in running state","logger":"task.stdout"}
{"timestamp":"2025-11-20T05:52:54.289305Z","level":"info","event":" Previous state of the Task instance: TaskInstanceState.QUEUED","logger":"task.stdout"}
{"timestamp":"2025-11-20T05:52:54.289768Z","level":"info","event":"Current task name:wait_for_file","logger":"task.stdout"}
{"timestamp":"2025-11-20T05:52:54.290017Z","level":"info","event":"Dag name:file_sensor_example","logger":"task.stdout"}
{"timestamp":"2025-11-20T05:52:54.304053Z","level":"info","event":"Poking for file /opt/airflow/dags/sample.txt","logger":"airflow.task.operators.airflow.providers.standard.sensors.filesystem.FileSensor","filename":"filesystem.py","lineno":125}
{"timestamp":"2025-11-20T05:52:54.304868Z","level":"error","event":"Task failed with exception","logger":"task","filename":"task_runner.py","lineno":969,"error_detail":[{"exc_type":"AirflowSensorTimeout","exc_value":"Sensor has timed out; run duration of 307.586532 seconds exceeds the specified timeout of 300.0.","exc_notes":[],"syntax_error":null,"is_cause":false,"frames":[{"filename":"/home/airflow/.local/lib/python3.12/site-packages/airflow/sdk/execution_time/task_runner.py","lineno":928,"name":"run"},{"filename":"/home/airflow/.local/lib/python3.12/site-packages/airflow/sdk/execution_time/task_runner.py","lineno":1315,"name":"_execute_task"},{"filename":"/home/airflow/.local/lib/python3.12/site-packages/airflow/sdk/bases/operator.py","lineno":416,"name":"wrapper"},{"filename":"/home/airflow/.local/lib/python3.12/site-packages/airflow/providers/standard/sensors/filesystem.py","lineno":139,"name":"execute"},{"filename":"/home/airflow/.local/lib/python3.12/site-packages/airflow/sdk/bases/operator.py","lineno":416,"name":"wrapper"},{"filename":"/home/airflow/.local/lib/python3.12/site-packages/airflow/sdk/bases/sensor.py","lineno":243,"name":"execute"}],"is_group":false,"exceptions":[]}]}
{"timestamp":"2025-11-20T05:52:54.305945Z","level":"info","event":"Task instance in failure state","logger":"task.stdout"}
{"timestamp":"2025-11-20T05:52:54.306365Z","level":"info","event":"Task start","logger":"task.stdout"}
{"timestamp":"2025-11-20T05:52:54.306655Z","level":"info","event":"Task:<Task(FileSensor): wait_for_file>","logger":"task.stdout"}
{"timestamp":"2025-11-20T05:52:54.306915Z","level":"info","event":"Failure caused by Sensor has timed out; run duration of 307.586532 seconds exceeds the specified timeout of 300.0.","logger":"task.stdout"}
